2023-05-09T14:15:14.218Z [[31merror[39m]: Converting circular structure to JSON
    --> starting at object with constructor 'Socket'
    |     property 'parser' -> object with constructor 'HTTPParser'
    --- property 'socket' closes the circle
2023-05-09T14:15:15.266Z [[31merror[39m]: Converting circular structure to JSON
    --> starting at object with constructor 'Socket'
    |     property 'parser' -> object with constructor 'HTTPParser'
    --- property 'socket' closes the circle
2023-05-09T14:15:15.987Z [[31merror[39m]: Converting circular structure to JSON
    --> starting at object with constructor 'Socket'
    |     property 'parser' -> object with constructor 'HTTPParser'
    --- property 'socket' closes the circle
2023-05-09T14:15:16.659Z [[31merror[39m]: Converting circular structure to JSON
    --> starting at object with constructor 'Socket'
    |     property 'parser' -> object with constructor 'HTTPParser'
    --- property 'socket' closes the circle
2023-05-09T14:15:17.294Z [[31merror[39m]: Converting circular structure to JSON
    --> starting at object with constructor 'Socket'
    |     property 'parser' -> object with constructor 'HTTPParser'
    --- property 'socket' closes the circle
2023-05-09T14:15:17.812Z [[31merror[39m]: Converting circular structure to JSON
    --> starting at object with constructor 'Socket'
    |     property 'parser' -> object with constructor 'HTTPParser'
    --- property 'socket' closes the circle
2023-05-09T14:15:18.347Z [[31merror[39m]: Converting circular structure to JSON
    --> starting at object with constructor 'Socket'
    |     property 'parser' -> object with constructor 'HTTPParser'
    --- property 'socket' closes the circle
2023-05-09T14:15:18.898Z [[31merror[39m]: Converting circular structure to JSON
    --> starting at object with constructor 'Socket'
    |     property 'parser' -> object with constructor 'HTTPParser'
    --- property 'socket' closes the circle
2023-05-09T14:15:19.331Z [[31merror[39m]: Converting circular structure to JSON
    --> starting at object with constructor 'Socket'
    |     property 'parser' -> object with constructor 'HTTPParser'
    --- property 'socket' closes the circle
2023-05-09T14:15:21.161Z [[31merror[39m]: Converting circular structure to JSON
    --> starting at object with constructor 'Socket'
    |     property 'parser' -> object with constructor 'HTTPParser'
    --- property 'socket' closes the circle
2023-05-10T07:06:50.729Z [[31merror[39m]: There is an Error!
2023-05-10T07:09:19.639Z [[31merror[39m]: There is an Error!
2023-05-10T07:09:20.635Z [[31merror[39m]: There is an Error!
2023-05-10T07:09:21.135Z [[31merror[39m]: There is an Error!
2023-05-10T07:09:21.380Z [[31merror[39m]: There is an Error!
2023-05-10T07:12:21.186Z [[31merror[39m]: There is an Error!
2023-05-10T07:12:22.209Z [[31merror[39m]: There is an Error!
2023-05-10T07:12:22.733Z [[31merror[39m]: There is an Error!
2023-05-10T07:12:22.968Z [[31merror[39m]: There is an Error!
2023-05-10T07:12:23.229Z [[31merror[39m]: There is an Error!
2023-05-10T07:12:33.138Z [[31merror[39m]: There is an Error!
2023-05-10T07:12:33.739Z [[31merror[39m]: There is an Error!
2023-05-10T07:12:34.154Z [[31merror[39m]: There is an Error!
2023-05-10T07:12:34.993Z [[31merror[39m]: There is an Error!
2023-05-10T07:12:35.513Z [[31merror[39m]: There is an Error!
2023-05-10T07:17:25.151Z [[31merror[39m]: There is an Error!
2023-05-10T07:28:47.809Z [[31merror[39m]: test
2023-05-10T07:28:49.259Z [[31merror[39m]: test
2023-05-10T07:28:57.359Z [[31merror[39m]: test
2023-05-10T07:28:57.426Z [[31merror[39m]: test
2023-05-10T07:38:00.201Z [[31merror[39m]: test
2023-05-10T07:38:04.691Z [[31merror[39m]: test
2023-05-10T09:43:33.975Z [[31merror[39m]: test
2023-05-10T09:54:11.596Z [[31merror[39m]: test
2023-05-10T10:03:54.721Z [[31merror[39m]: crypto is not defined
2023-05-10T10:03:58.324Z [[31merror[39m]: Unexpected token } in JSON at position 86
2023-05-10T10:04:12.813Z [[31merror[39m]: crypto is not defined
2023-05-10T10:04:31.008Z [[31merror[39m]: crypto is not defined
2023-05-10T10:04:44.725Z [[31merror[39m]: user is not defined
2023-05-10T10:05:05.683Z [[31merror[39m]: User validation failed: email: is invalid
2023-05-10T10:05:11.035Z [[31merror[39m]: User validation failed: email: is invalid
2023-05-10T10:05:14.455Z [[31merror[39m]: User validation failed: email: is invalid
2023-05-10T10:05:19.085Z [[31merror[39m]: user is not defined
2023-05-10T10:05:41.091Z [[31merror[39m]: user is not defined
2023-05-10T10:05:48.126Z [[31merror[39m]: jwt is not defined
2023-05-10T10:07:09.182Z [[31merror[39m]: secret is not defined
2023-05-10T10:59:00.471Z [[31merror[39m]: error connecting to MongoDB:
2023-05-10T11:08:31.373Z [[31merror[39m]: jwt is not defined
2023-05-10T11:08:43.493Z [[31merror[39m]: config is not defined
2023-05-10T11:10:07.590Z [[31merror[39m]: res is not a function
2023-05-10T11:23:39.297Z [[31merror[39m]: E11000 duplicate key error collection: demoAppTEST.users index: username_1 dup key: { username: "tesstusername" }
2023-05-10T11:23:40.538Z [[31merror[39m]: E11000 duplicate key error collection: demoAppTEST.users index: username_1 dup key: { username: "tesstusername" }
2023-05-10T11:23:41.890Z [[31merror[39m]: E11000 duplicate key error collection: demoAppTEST.users index: username_1 dup key: { username: "tesstusername" }
2023-05-10T11:23:42.842Z [[31merror[39m]: E11000 duplicate key error collection: demoAppTEST.users index: username_1 dup key: { username: "tesstusername" }
2023-05-10T11:23:43.847Z [[31merror[39m]: E11000 duplicate key error collection: demoAppTEST.users index: username_1 dup key: { username: "tesstusername" }
2023-05-10T11:23:44.737Z [[31merror[39m]: E11000 duplicate key error collection: demoAppTEST.users index: username_1 dup key: { username: "tesstusername" }
2023-05-10T11:23:45.374Z [[31merror[39m]: E11000 duplicate key error collection: demoAppTEST.users index: username_1 dup key: { username: "tesstusername" }
2023-05-10T11:23:52.487Z [[31merror[39m]: E11000 duplicate key error collection: demoAppTEST.users index: username_1 dup key: { username: "tesstusername" }
2023-05-10T11:25:43.949Z [[31merror[39m]: E11000 duplicate key error collection: demoAppTEST.users index: username_1 dup key: { username: "tesstusername" }
2023-05-10T11:25:45.162Z [[31merror[39m]: E11000 duplicate key error collection: demoAppTEST.users index: username_1 dup key: { username: "tesstusername" }
2023-05-10T11:33:32.222Z [[31merror[39m]: Cast to ObjectId failed for value "3" (type string) at path "_id" for model "User"
2023-05-10T11:33:33.333Z [[31merror[39m]: Cast to ObjectId failed for value "3" (type string) at path "_id" for model "User"
2023-05-10T11:33:51.290Z [[31merror[39m]: Cast to ObjectId failed for value "s" (type string) at path "_id" for model "User"
2023-05-10T11:34:50.209Z [[31merror[39m]: E11000 duplicate key error collection: demoAppTEST.users index: username_1 dup key: { username: "tesstusername" }
2023-05-10T11:34:54.508Z [[31merror[39m]: E11000 duplicate key error collection: demoAppTEST.users index: tel_1 dup key: { tel: null }
2023-05-10T11:34:58.565Z [[31merror[39m]: E11000 duplicate key error collection: demoAppTEST.users index: tel_1 dup key: { tel: null }
2023-05-10T11:35:28.523Z [[31merror[39m]: Unexpected token } in JSON at position 106
2023-05-10T11:35:31.117Z [[31merror[39m]: E11000 duplicate key error collection: demoAppTEST.users index: tel_1 dup key: { tel: null }
2023-05-10T11:35:41.031Z [[31merror[39m]: E11000 duplicate key error collection: demoAppTEST.users index: tel_1 dup key: { tel: null }
2023-05-10T11:35:50.358Z [[31merror[39m]: E11000 duplicate key error collection: demoAppTEST.users index: tel_1 dup key: { tel: null }
2023-05-10T11:36:32.304Z [[31merror[39m]: E11000 duplicate key error collection: demoAppTEST.users index: tel_1 dup key: { tel: null }
2023-05-10T11:36:34.059Z [[31merror[39m]: E11000 duplicate key error collection: demoAppTEST.users index: tel_1 dup key: { tel: null }
2023-05-10T11:37:06.455Z [[31merror[39m]: E11000 duplicate key error collection: demsoAppTEST.users index: username_1 dup key: { username: "tesstsqwdasusername" }
2023-05-10T11:37:10.620Z [[31merror[39m]: E11000 duplicate key error collection: demsoAppTEST.users index: email_1 dup key: { email: "tessssasst@gmail.com" }
2023-05-10T11:41:02.591Z [[31merror[39m]: Cast to ObjectId failed for value "645b81df7bf801c5e53e1f31s" (type string) at path "_id" for model "User"
2023-05-10T11:41:03.658Z [[31merror[39m]: Cast to ObjectId failed for value "645b81df7bf801c5e53e1f31s" (type string) at path "_id" for model "User"
2023-05-10T11:41:06.790Z [[31merror[39m]: Cast to ObjectId failed for value "645b81df7bf801c5e53e1f3s" (type string) at path "_id" for model "User"
2023-05-10T11:42:00.147Z [[31merror[39m]: user.remove is not a function
2023-05-10T11:42:24.959Z [[31merror[39m]: User.remove is not a function
2023-05-10T11:42:36.564Z [[31merror[39m]: user.remove is not a function
2023-05-10T11:49:23.260Z [[31merror[39m]: Cannot read properties of null (reading 'save')
2023-05-10T12:45:38.743Z [[31merror[39m]: jwt is not defined
2023-05-10T12:45:53.253Z [[31merror[39m]: req.res is not a function
2023-05-10T12:46:07.519Z [[31merror[39m]: req.json is not a function
2023-05-10T12:46:08.986Z [[31merror[39m]: req.json is not a function
2023-05-10T12:50:42.461Z [[31merror[39m]: invalid token
2023-05-10T14:02:18.767Z [[31merror[39m]: User validation failed: email: is invalid
2023-05-10T14:05:05.570Z [[31merror[39m]: role is not defined
2023-05-10T14:05:35.354Z [[31merror[39m]: user.role is not a function
2023-05-10T14:11:36.662Z [[31merror[39m]: E11000 duplicate key error collection: 63861c0f2b82e64e2438aef0_demsoAppTEST.users index: email_1 dup key: { email: "test@gmail.com" }
2023-05-10T14:37:30.740Z [[31merror[39m]: BlacklistToken is not defined
2023-05-10T14:38:09.527Z [[31merror[39m]: BlacklistToken is not defined
2023-05-10T14:54:05.751Z [[31merror[39m]: Unexpected end of JSON input
2023-05-10T14:54:06.708Z [[31merror[39m]: Unexpected end of JSON input
2023-05-10T14:54:39.728Z [[31merror[39m]: Unexpected end of JSON input
2023-05-10T14:54:40.583Z [[31merror[39m]: Unexpected end of JSON input
2023-05-10T15:13:34.109Z [[31merror[39m]: Unexpected token } in JSON at position 59
2023-05-10T15:17:15.446Z [[31merror[39m]: jwt expired
2023-05-10T15:17:20.267Z [[31merror[39m]: jwt expired
2023-05-10T15:17:24.534Z [[31merror[39m]: jwt expired
2023-05-10T15:17:25.218Z [[31merror[39m]: jwt expired
2023-05-10T15:17:25.739Z [[31merror[39m]: jwt expired
2023-05-10T15:17:28.493Z [[31merror[39m]: jwt expired
2023-05-10T15:17:29.801Z [[31merror[39m]: jwt expired
2023-05-10T15:18:11.289Z [[31merror[39m]: jwt expired
2023-05-10T15:18:52.247Z [[31merror[39m]: jwt malformed
2023-05-11T06:11:54.105Z [[31merror[39m]: jwt malformed
2023-05-11T06:11:56.401Z [[31merror[39m]: jwt malformed
2023-05-11T07:34:35.273Z [[31merror[39m]: assets is not defined
2023-05-11T07:34:37.215Z [[31merror[39m]: assets is not defined
2023-05-11T07:34:38.353Z [[31merror[39m]: assets is not defined
2023-05-11T07:34:39.291Z [[31merror[39m]: assets is not defined
2023-05-11T07:34:39.997Z [[31merror[39m]: assets is not defined
2023-05-11T07:34:40.619Z [[31merror[39m]: assets is not defined
2023-05-11T07:34:41.112Z [[31merror[39m]: assets is not defined
2023-05-11T07:34:41.725Z [[31merror[39m]: assets is not defined
2023-05-11T07:35:07.288Z [[31merror[39m]: assets is not defined
2023-05-11T07:48:23.238Z [[31merror[39m]: Unexpected field
2023-05-11T07:48:24.492Z [[31merror[39m]: Unexpected field
2023-05-11T07:48:25.609Z [[31merror[39m]: Unexpected field
2023-05-11T07:48:26.516Z [[31merror[39m]: Unexpected field
2023-05-11T07:55:12.546Z [[31merror[39m]: Unexpected field
2023-05-11T07:55:13.571Z [[31merror[39m]: Unexpected field
2023-05-11T07:55:14.248Z [[31merror[39m]: Unexpected field
2023-05-11T07:55:14.630Z [[31merror[39m]: Unexpected field
2023-05-11T07:55:14.981Z [[31merror[39m]: Unexpected field
2023-05-11T07:55:41.524Z [[31merror[39m]: Unexpected field
2023-05-11T07:55:42.871Z [[31merror[39m]: Unexpected field
2023-05-11T07:55:43.609Z [[31merror[39m]: Unexpected field
2023-05-11T07:57:38.024Z [[31merror[39m]: ENOENT: no such file or directory, open 'uploads/assets/original/Screenshot 2023-04-01 125121.png'
2023-05-11T08:00:15.062Z [[31merror[39m]: ENOENT: no such file or directory, open 'uploads/assets/original/eski.png'
2023-05-11T08:05:24.114Z [[31merror[39m]: Unexpected field
2023-05-11T08:05:32.740Z [[31merror[39m]: Unexpected field
2023-05-11T08:05:40.649Z [[31merror[39m]: Unexpected field
2023-05-11T08:07:39.298Z [[31merror[39m]: Unexpected field
2023-05-11T08:07:51.254Z [[31merror[39m]: Unexpected field
2023-05-11T08:12:23.025Z [[31merror[39m]: Converting circular structure to JSON
    --> starting at object with constructor 'Socket'
    |     property 'parser' -> object with constructor 'HTTPParser'
    --- property 'socket' closes the circle
2023-05-11T08:14:35.963Z [[31merror[39m]: Unexpected field
2023-05-11T08:14:54.135Z [[31merror[39m]: File too large
2023-05-11T08:15:19.324Z [[31merror[39m]: Unexpected field
2023-05-11T08:16:21.145Z [[31merror[39m]: Unexpected field
2023-05-11T08:28:24.471Z [[31merror[39m]: Unexpected field
2023-05-11T08:28:34.451Z [[31merror[39m]: Unexpected field
2023-05-11T08:28:45.469Z [[31merror[39m]: Cannot read properties of undefined (reading 'forEach')
2023-05-11T08:28:58.332Z [[31merror[39m]: Unexpected field
2023-05-11T08:30:18.292Z [[31merror[39m]: Cannot read properties of undefined (reading 'forEach')
2023-05-11T09:00:17.480Z [[31merror[39m]: path is not defined
2023-05-11T09:00:29.965Z [[31merror[39m]: savedAsset is not defined
2023-05-11T09:14:20.849Z [[31merror[39m]: ENOENT: no such file or directory, rename 'uploads/assets/temp/1683796460833.jpg' -> 'uploads/assets/originals/645cb1ec0e57fc015189689e.jpg'
2023-05-11T09:14:44.364Z [[31merror[39m]: ENOENT: no such file or directory, rename 'uploads/assets/temp/1683796484359.jpg' -> 'uploads/assets/originals/645cb2040e57fc01518968a0.jpg'
2023-05-11T09:14:57.964Z [[31merror[39m]: ENOENT: no such file or directory, rename 'uploads/assets/temp/1683796497938.jpg' -> 'uploads/assets/originals/645cb211f10ab25b173c32fa.jpg'
2023-05-11T09:16:18.906Z [[31merror[39m]: ENOENT: no such file or directory, rename 'uploads/assets/temp/1683796578889.jpg' -> 'uploads/assets/originals/645cb2624495226c5042c249.jpg'
2023-05-11T09:16:37.344Z [[31merror[39m]: ENOENT: no such file or directory, rename 'uploads/assets/temp/1683796597337.png' -> 'uploads/assets/originals/645cb2754495226c5042c24d.png'
2023-05-11T09:17:12.107Z [[31merror[39m]: ENOENT: no such file or directory, rename 'uploads/assets/temp/1683796632079.png' -> 'uploads/assets/originals/645cb29856741cae873f1512.png'
2023-05-11T09:17:24.953Z [[31merror[39m]: ENOENT: no such file or directory, rename 'uploads/assets/temp/1683796644919.png' -> 'uploads/assets/originals/645cb2a42bb8fc72593d3333.png'
2023-05-11T09:17:34.119Z [[31merror[39m]: ENOENT: no such file or directory, rename 'uploads/assets/temp/1683796654102.png' -> 'uploads/assets/originals/645cb2aeb606bc553b0285c9.png'
2023-05-11T09:17:45.729Z [[31merror[39m]: ENOENT: no such file or directory, rename 'uploads/assets/temp/1683796665707.png' -> 'uploads/assets/originals/645cb2b90178c948dd6a630a.png'
2023-05-11T09:17:47.523Z [[31merror[39m]: ENOENT: no such file or directory, rename 'uploads/assets/temp/1683796667519.png' -> 'uploads/assets/originals/645cb2bb0178c948dd6a630f.png'
2023-05-11T09:18:22.784Z [[31merror[39m]: uploads/assets/presentation/645cb2de0178c948dd6a6311_presentation.png: unable to open for write
unix error: No such file or directory
2023-05-11T09:22:52.619Z [[31merror[39m]: invalid token
2023-05-11T10:10:32.397Z [[31merror[39m]: undefined
2023-05-11T10:12:59.934Z [[31merror[39m]: Operation `assets.find()` buffering timed out after 10000ms
2023-05-11T10:13:16.922Z [[31merror[39m]: Operation `assets.findOne()` buffering timed out after 10000ms
2023-05-11T10:13:22.019Z [[31merror[39m]: Operation `assets.findOne()` buffering timed out after 10000ms
2023-05-15T10:55:28.212Z [[31merror[39m]: E11000 duplicate key error collection: swDemoApp.users index: username_1 dup key: { username: "test" }
2023-05-15T12:46:53.612Z [[31merror[39m]: jwt expired
2023-05-15T12:46:54.769Z [[31merror[39m]: jwt expired
2023-05-15T13:30:11.851Z [[31merror[39m]: jwt malformed
2023-05-15T13:30:12.252Z [[31merror[39m]: jwt malformed
2023-05-16T06:06:24.835Z [[31merror[39m]: jwt expired
2023-05-16T06:06:39.864Z [[31merror[39m]: jwt expired
2023-05-16T06:07:00.566Z [[31merror[39m]: jwt expired
2023-05-16T06:07:00.805Z [[31merror[39m]: jwt expired
2023-05-16T06:07:05.950Z [[31merror[39m]: jwt expired
2023-05-16T06:07:06.145Z [[31merror[39m]: jwt expired
2023-05-16T06:07:25.055Z [[31merror[39m]: jwt expired
2023-05-16T06:07:27.929Z [[31merror[39m]: jwt expired
2023-05-16T06:32:07.301Z [[31merror[39m]: E11000 duplicate key error collection: swDemoApp.users index: username_1 dup key: { username: "test" }
2023-05-16T06:32:11.491Z [[31merror[39m]: E11000 duplicate key error collection: swDemoApp.users index: username_1 dup key: { username: "test" }
2023-05-16T06:32:18.179Z [[31merror[39m]: E11000 duplicate key error collection: swDemoApp.users index: email_1 dup key: { email: "test@test.com" }
2023-05-16T07:21:28.781Z [[31merror[39m]: User validation failed: username: can't be blank
2023-05-16T07:21:30.987Z [[31merror[39m]: User validation failed: username: can't be blank
2023-05-16T07:21:31.449Z [[31merror[39m]: User validation failed: username: can't be blank
2023-05-16T07:21:31.658Z [[31merror[39m]: User validation failed: username: can't be blank
2023-05-16T07:21:31.831Z [[31merror[39m]: User validation failed: username: can't be blank
2023-05-16T07:21:32.003Z [[31merror[39m]: User validation failed: username: can't be blank
2023-05-16T07:21:32.200Z [[31merror[39m]: User validation failed: username: can't be blank
2023-05-16T07:21:32.384Z [[31merror[39m]: User validation failed: username: can't be blank
2023-05-16T07:21:32.555Z [[31merror[39m]: User validation failed: username: can't be blank
2023-05-16T07:21:32.737Z [[31merror[39m]: User validation failed: username: can't be blank
2023-05-16T07:21:32.931Z [[31merror[39m]: User validation failed: username: can't be blank
2023-05-16T07:21:33.146Z [[31merror[39m]: User validation failed: username: can't be blank
2023-05-16T07:21:33.372Z [[31merror[39m]: User validation failed: username: can't be blank
2023-05-16T07:21:33.594Z [[31merror[39m]: User validation failed: username: can't be blank
2023-05-16T07:21:33.837Z [[31merror[39m]: User validation failed: username: can't be blank
2023-05-16T07:21:34.368Z [[31merror[39m]: User validation failed: username: can't be blank
2023-05-16T07:21:34.785Z [[31merror[39m]: User validation failed: username: can't be blank
2023-05-16T07:21:35.093Z [[31merror[39m]: User validation failed: username: can't be blank
2023-05-16T07:21:35.384Z [[31merror[39m]: User validation failed: username: can't be blank
2023-05-16T07:21:35.653Z [[31merror[39m]: User validation failed: username: can't be blank
2023-05-16T07:21:57.101Z [[31merror[39m]: User validation failed: username: can't be blank
2023-05-16T07:21:57.355Z [[31merror[39m]: User validation failed: username: can't be blank
2023-05-16T07:21:57.756Z [[31merror[39m]: User validation failed: username: can't be blank
2023-05-16T07:21:57.930Z [[31merror[39m]: User validation failed: username: can't be blank
2023-05-16T07:21:58.102Z [[31merror[39m]: User validation failed: username: can't be blank
2023-05-16T07:21:58.269Z [[31merror[39m]: User validation failed: username: can't be blank
2023-05-16T07:21:58.466Z [[31merror[39m]: User validation failed: username: can't be blank
2023-05-16T07:21:58.622Z [[31merror[39m]: User validation failed: username: can't be blank
2023-05-16T07:21:59.095Z [[31merror[39m]: User validation failed: username: can't be blank
2023-05-16T07:21:59.653Z [[31merror[39m]: User validation failed: username: can't be blank
2023-05-16T07:22:55.038Z [[31merror[39m]: User validation failed: username: can't be blank
2023-05-16T07:23:14.544Z [[31merror[39m]: User validation failed: username: can't be blank
2023-05-16T07:23:20.640Z [[31merror[39m]: User validation failed: username: can't be blank
2023-05-16T07:23:28.311Z [[31merror[39m]: User validation failed: username: can't be blank
2023-05-16T07:23:42.121Z [[31merror[39m]: User validation failed: username: can't be blank
2023-05-16T07:25:30.873Z [[31merror[39m]: E11000 duplicate key error collection: swDemoApp.users index: username_1 dup key: { username: "test" }
2023-05-16T07:25:33.545Z [[31merror[39m]: E11000 duplicate key error collection: swDemoApp.users index: username_1 dup key: { username: "test" }
2023-05-16T08:25:33.855Z [[31merror[39m]: Cannot destructure property 'mimetype' of 'req.file' as it is undefined.
2023-05-16T08:29:51.200Z [[31merror[39m]: Cannot destructure property 'mimetype' of 'req.file' as it is undefined.
2023-05-16T08:42:46.817Z [[31merror[39m]: ENOENT: no such file or directory, rename 'uploads/assets/temp/1684226566810.jpg' -> 'uploads/assets/original/64634206be9ad896c0a1a71f.jpg'
2023-05-16T08:43:23.151Z [[31merror[39m]: ENOENT: no such file or directory, rename 'uploads/assets/temp/1684226603146.jpg' -> 'uploads/assets/original/6463422bbe9ad896c0a1a721.jpg'
2023-05-16T08:47:06.727Z [[31merror[39m]: Cannot destructure property 'mimetype' of 'req.file' as it is undefined.
2023-05-16T10:12:20.023Z [[31merror[39m]: tags is not defined
2023-05-16T10:15:04.750Z [[31merror[39m]: Image to composite must have same dimensions or smaller
2023-05-16T10:15:18.818Z [[31merror[39m]: Asset validation failed: title: Cast to string failed for value "[ 'test', 'test' ]" (type Array) at path "title"
2023-05-16T10:15:29.460Z [[31merror[39m]: Asset validation failed: title: Cast to string failed for value "[ 'test', 'test' ]" (type Array) at path "title"
2023-05-16T11:01:05.326Z [[31merror[39m]: undefined
2023-05-16T11:39:07.925Z [[31merror[39m]: Cast to embedded failed for value "{
  _id: false,
  assetId: '64636b5b055b65490f184c1e',
  ownershipType: 'creator'
}" (type Object) at path "ownedAssets" because of "CastError"
2023-05-16T11:39:54.190Z [[31merror[39m]: Cast to embedded failed for value "{
  _id: false,
  assetId: '64636b8a055b65490f184c23',
  ownershipType: 'creator'
}" (type Object) at path "ownedAssets" because of "CastError"
2023-05-16T11:58:13.393Z [[31merror[39m]: Expected width, height and channels for raw pixel input
2023-05-16T11:58:36.884Z [[31merror[39m]: Expected width, height and channels for raw pixel input
2023-05-16T11:58:38.306Z [[31merror[39m]: Expected width, height and channels for raw pixel input
2023-05-16T11:58:41.025Z [[31merror[39m]: Expected width, height and channels for raw pixel input
2023-05-16T11:58:41.534Z [[31merror[39m]: Expected width, height and channels for raw pixel input
2023-05-16T11:58:41.781Z [[31merror[39m]: Expected width, height and channels for raw pixel input
2023-05-16T11:58:42.024Z [[31merror[39m]: Expected width, height and channels for raw pixel input
2023-05-16T11:58:42.269Z [[31merror[39m]: Expected width, height and channels for raw pixel input
2023-05-16T11:58:42.418Z [[31merror[39m]: Expected width, height and channels for raw pixel input
2023-05-16T11:58:42.548Z [[31merror[39m]: Expected width, height and channels for raw pixel input
2023-05-16T11:58:42.740Z [[31merror[39m]: Expected width, height and channels for raw pixel input
2023-05-16T11:58:42.900Z [[31merror[39m]: Expected width, height and channels for raw pixel input
2023-05-16T12:02:45.625Z [[31merror[39m]: inputImage.width is not a function
2023-05-16T12:02:46.817Z [[31merror[39m]: inputImage.width is not a function
2023-05-16T12:02:55.771Z [[31merror[39m]: inputImage.width is not a function
2023-05-16T12:02:59.047Z [[31merror[39m]: inputImage.width is not a function
2023-05-16T12:03:01.151Z [[31merror[39m]: inputImage.width is not a function
2023-05-16T12:03:01.829Z [[31merror[39m]: inputImage.width is not a function
2023-05-16T12:03:02.070Z [[31merror[39m]: inputImage.width is not a function
2023-05-16T12:03:02.415Z [[31merror[39m]: inputImage.width is not a function
2023-05-16T12:03:02.551Z [[31merror[39m]: inputImage.width is not a function
2023-05-16T12:03:02.613Z [[31merror[39m]: inputImage.width is not a function
2023-05-16T13:48:17.604Z [[31merror[39m]: E11000 duplicate key error collection: swDemoApp.users index: username_1 dup key: { username: "sepp" }
2023-05-16T13:48:38.801Z [[31merror[39m]: E11000 duplicate key error collection: swDemoApp.users index: email_1 dup key: { email: "yusuf@saruhanweb.com" }
2023-05-16T13:50:51.346Z [[31merror[39m]: Cast to ObjectId failed for value "eyJhbGciOiJIUzI1NiIsInR5cCI6IkpXVCJ9.eyJpZCI6IjY0NjM4OWMxNDc0NDcxNjdmYTA0MzY5MSIsInVzZXJuYW1lIjoiYWRtaW4iLCJyb2xlIjoiYWRtaW4iLCJpYXQiOjE2ODQyNDUwMzUsImV4cCI6MTY4NDI0ODYzNX0.fjQEsOYKJaf4cXttZhKP_V__8lNLvnvHc43-K_HM8_g" (type string) at path "_id" for model "User"
2023-05-16T13:51:38.125Z [[31merror[39m]: Converting circular structure to JSON
    --> starting at object with constructor 'Socket'
    |     property 'parser' -> object with constructor 'HTTPParser'
    --- property 'socket' closes the circle
2023-05-17T07:12:15.719Z [[31merror[39m]: Cast to ObjectId failed for value "upload" (type string) at path "_id" for model "Asset"
2023-05-17T07:12:25.482Z [[31merror[39m]: Cast to ObjectId failed for value "ownedBy" (type string) at path "_id" for model "Asset"
2023-05-17T07:12:27.135Z [[31merror[39m]: Cast to ObjectId failed for value "ownedBy" (type string) at path "_id" for model "Asset"
2023-05-17T07:13:14.505Z [[31merror[39m]: Cast to ObjectId failed for value "ownedBy" (type string) at path "_id" for model "Asset"
2023-05-17T07:13:15.123Z [[31merror[39m]: Cast to ObjectId failed for value "ownedBy" (type string) at path "_id" for model "Asset"
2023-05-17T07:13:15.538Z [[31merror[39m]: Cast to ObjectId failed for value "ownedBy" (type string) at path "_id" for model "Asset"
2023-05-17T07:13:15.934Z [[31merror[39m]: Cast to ObjectId failed for value "ownedBy" (type string) at path "_id" for model "Asset"
2023-05-17T07:13:16.200Z [[31merror[39m]: Cast to ObjectId failed for value "ownedBy" (type string) at path "_id" for model "Asset"
2023-05-17T07:13:16.519Z [[31merror[39m]: Cast to ObjectId failed for value "ownedBy" (type string) at path "_id" for model "Asset"
2023-05-17T07:13:16.846Z [[31merror[39m]: Cast to ObjectId failed for value "ownedBy" (type string) at path "_id" for model "Asset"
2023-05-17T07:13:17.121Z [[31merror[39m]: Cast to ObjectId failed for value "ownedBy" (type string) at path "_id" for model "Asset"
2023-05-17T07:13:17.404Z [[31merror[39m]: Cast to ObjectId failed for value "ownedBy" (type string) at path "_id" for model "Asset"
2023-05-17T07:13:17.778Z [[31merror[39m]: Cast to ObjectId failed for value "ownedBy" (type string) at path "_id" for model "Asset"
2023-05-17T07:13:18.054Z [[31merror[39m]: Cast to ObjectId failed for value "ownedBy" (type string) at path "_id" for model "Asset"
2023-05-17T07:13:18.318Z [[31merror[39m]: Cast to ObjectId failed for value "ownedBy" (type string) at path "_id" for model "Asset"
2023-05-17T07:13:18.579Z [[31merror[39m]: Cast to ObjectId failed for value "ownedBy" (type string) at path "_id" for model "Asset"
2023-05-17T07:13:18.835Z [[31merror[39m]: Cast to ObjectId failed for value "ownedBy" (type string) at path "_id" for model "Asset"
2023-05-17T07:13:19.110Z [[31merror[39m]: Cast to ObjectId failed for value "ownedBy" (type string) at path "_id" for model "Asset"
2023-05-17T07:13:19.228Z [[31merror[39m]: Cast to ObjectId failed for value "ownedBy" (type string) at path "_id" for model "Asset"
2023-05-17T07:13:19.513Z [[31merror[39m]: Cast to ObjectId failed for value "ownedBy" (type string) at path "_id" for model "Asset"
2023-05-17T07:13:19.617Z [[31merror[39m]: Cast to ObjectId failed for value "ownedBy" (type string) at path "_id" for model "Asset"
2023-05-17T07:13:36.699Z [[31merror[39m]: Cast to ObjectId failed for value "ownedBy" (type string) at path "_id" for model "Asset"
2023-05-17T07:13:38.766Z [[31merror[39m]: Cast to ObjectId failed for value "ownedBy" (type string) at path "_id" for model "Asset"
2023-05-17T07:16:27.790Z [[31merror[39m]: Cast to ObjectId failed for value "ownedBy" (type string) at path "_id" for model "Asset"
2023-05-17T07:16:28.724Z [[31merror[39m]: Cast to ObjectId failed for value "ownedBy" (type string) at path "_id" for model "Asset"
2023-05-17T07:16:29.561Z [[31merror[39m]: Cast to ObjectId failed for value "ownedBy" (type string) at path "_id" for model "Asset"
2023-05-17T07:16:33.287Z [[31merror[39m]: Cast to ObjectId failed for value "ownedBy" (type string) at path "_id" for model "Asset"
2023-05-17T07:16:52.548Z [[31merror[39m]: Cast to ObjectId failed for value "ownedBy" (type string) at path "_id" for model "Asset"
2023-05-17T07:17:12.355Z [[31merror[39m]: Cast to ObjectId failed for value "ownedBy" (type string) at path "_id" for model "Asset"
2023-05-17T07:17:26.901Z [[31merror[39m]: Cast to ObjectId failed for value "ownedBy" (type string) at path "_id" for model "Asset"
2023-05-17T07:17:27.833Z [[31merror[39m]: Cast to ObjectId failed for value "ownedBy" (type string) at path "_id" for model "Asset"
2023-05-17T07:17:44.370Z [[31merror[39m]: Cast to ObjectId failed for value "ownedBy" (type string) at path "_id" for model "Asset"
2023-05-17T07:17:45.216Z [[31merror[39m]: Cast to ObjectId failed for value "ownedBy" (type string) at path "_id" for model "Asset"
2023-05-17T07:19:04.507Z [[31merror[39m]: Cast to ObjectId failed for value "ownedBy" (type string) at path "_id" for model "Asset"
2023-05-17T07:19:05.330Z [[31merror[39m]: Cast to ObjectId failed for value "ownedBy" (type string) at path "_id" for model "Asset"
2023-05-17T07:21:56.521Z [[31merror[39m]: Cast to ObjectId failed for value "ownedBy" (type string) at path "_id" for model "Asset"
2023-05-17T07:44:10.464Z [[31merror[39m]: Input file contains unsupported image format
2023-05-17T07:47:36.826Z [[31merror[39m]: Error: You can Only Upload Images!!
2023-05-17T07:52:30.882Z [[31merror[39m]: Error: You can Only Upload Images!!
2023-05-17T08:01:45.075Z [[31merror[39m]: Image to composite must have same dimensions or smaller
2023-05-17T08:06:55.444Z [[31merror[39m]: Error: You can Only Upload Images!!
2023-05-17T08:12:27.949Z [[31merror[39m]: Error: You can Only Upload Images!!
2023-05-17T08:16:04.420Z [[31merror[39m]: Error: You can Only Upload Images!!
2023-05-17T08:16:14.873Z [[31merror[39m]: Error: You can Only Upload Images!!
2023-05-17T08:16:21.008Z [[31merror[39m]: Error: You can Only Upload Images!!
2023-05-17T08:17:27.896Z [[31merror[39m]: Error: You can Only Upload Images!!
2023-05-17T08:18:55.606Z [[31merror[39m]: Error: You can Only Upload Images!!
2023-05-17T08:39:33.661Z [[31merror[39m]: Converting circular structure to JSON
    --> starting at object with constructor 'Socket'
    |     property 'parser' -> object with constructor 'HTTPParser'
    --- property 'socket' closes the circle
2023-05-17T08:39:46.820Z [[31merror[39m]: Cannot set headers after they are sent to the client
2023-05-17T08:39:54.866Z [[31merror[39m]: File too large
2023-05-17T08:39:56.936Z [[31merror[39m]: File too large
2023-05-17T08:40:14.067Z [[31merror[39m]: Cannot set headers after they are sent to the client
2023-05-17T08:40:30.875Z [[31merror[39m]: Cannot set headers after they are sent to the client
2023-05-17T08:40:38.584Z [[31merror[39m]: Cannot set headers after they are sent to the client
2023-05-17T08:43:41.029Z [[31merror[39m]: Error: You can Only Upload Images!!
2023-05-17T08:54:52.410Z [[31merror[39m]: File too large
2023-05-17T08:58:16.882Z [[31merror[39m]: Cannot set headers after they are sent to the client
2023-05-17T08:58:28.918Z [[31merror[39m]: Cannot set headers after they are sent to the client
2023-05-17T08:59:36.408Z [[31merror[39m]: Cannot set headers after they are sent to the client
2023-05-17T08:59:45.682Z [[31merror[39m]: Cannot set headers after they are sent to the client
2023-05-17T09:01:29.399Z [[31merror[39m]: Cannot set headers after they are sent to the client
2023-05-17T09:03:25.680Z [[31merror[39m]: Cannot destructure property 'mimetype' of 'req.file' as it is undefined.
2023-05-17T10:37:12.226Z [[31merror[39m]: File too large
2023-05-17T11:58:09.015Z [[31merror[39m]: Cast to ObjectId failed for value "undefined" (type string) at path "_id" for model "Asset"
2023-05-17T11:58:09.020Z [[31merror[39m]: Cast to ObjectId failed for value "undefined" (type string) at path "_id" for model "Asset"
2023-05-17T11:58:09.024Z [[31merror[39m]: Cast to ObjectId failed for value "undefined" (type string) at path "_id" for model "Asset"
2023-05-17T11:58:09.028Z [[31merror[39m]: Cast to ObjectId failed for value "undefined" (type string) at path "_id" for model "Asset"
2023-05-17T11:58:10.014Z [[31merror[39m]: Cast to ObjectId failed for value "undefined" (type string) at path "_id" for model "Asset"
2023-05-17T11:58:10.021Z [[31merror[39m]: Cast to ObjectId failed for value "undefined" (type string) at path "_id" for model "Asset"
2023-05-17T11:58:10.025Z [[31merror[39m]: Cast to ObjectId failed for value "undefined" (type string) at path "_id" for model "Asset"
2023-05-17T11:58:10.030Z [[31merror[39m]: Cast to ObjectId failed for value "undefined" (type string) at path "_id" for model "Asset"
2023-05-17T11:58:26.395Z [[31merror[39m]: Cast to ObjectId failed for value "undefined" (type string) at path "_id" for model "Asset"
2023-05-17T11:58:26.401Z [[31merror[39m]: Cast to ObjectId failed for value "undefined" (type string) at path "_id" for model "Asset"
2023-05-17T12:06:26.031Z [[31merror[39m]: Cast to ObjectId failed for value "undefined" (type string) at path "_id" for model "Asset"
2023-05-17T12:06:26.038Z [[31merror[39m]: Cast to ObjectId failed for value "undefined" (type string) at path "_id" for model "Asset"
2023-05-17T12:06:29.309Z [[31merror[39m]: Cast to ObjectId failed for value "undefined" (type string) at path "_id" for model "Asset"
2023-05-17T12:06:29.314Z [[31merror[39m]: Cast to ObjectId failed for value "undefined" (type string) at path "_id" for model "Asset"
2023-05-17T12:07:11.055Z [[31merror[39m]: Cast to ObjectId failed for value "undefined" (type string) at path "_id" for model "Asset"
2023-05-17T12:07:11.059Z [[31merror[39m]: Cast to ObjectId failed for value "undefined" (type string) at path "_id" for model "Asset"
2023-05-17T12:07:11.063Z [[31merror[39m]: Cast to ObjectId failed for value "undefined" (type string) at path "_id" for model "Asset"
2023-05-17T12:07:11.070Z [[31merror[39m]: Cast to ObjectId failed for value "undefined" (type string) at path "_id" for model "Asset"
2023-05-17T12:56:10.018Z [[31merror[39m]: Cast to ObjectId failed for value "undefined" (type string) at path "_id" for model "Asset"
2023-05-17T12:56:14.015Z [[31merror[39m]: Cast to ObjectId failed for value "undefined" (type string) at path "_id" for model "Asset"
2023-05-17T12:56:23.011Z [[31merror[39m]: Cast to ObjectId failed for value "undefined" (type string) at path "_id" for model "Asset"
2023-05-17T12:56:25.218Z [[31merror[39m]: Cast to ObjectId failed for value "undefined" (type string) at path "_id" for model "Asset"
2023-05-17T12:56:35.359Z [[31merror[39m]: Cast to ObjectId failed for value "undefined" (type string) at path "_id" for model "Asset"
2023-05-17T13:56:12.764Z [[31merror[39m]: Cast to ObjectId failed for value ":id" (type string) at path "_id" for model "Asset"
2023-05-17T13:56:16.948Z [[31merror[39m]: Cast to ObjectId failed for value "safas" (type string) at path "_id" for model "Asset"
2023-05-18T06:40:01.742Z [[31merror[39m]: Cannot read properties of undefined (reading 'id')
2023-05-18T06:42:01.126Z [[31merror[39m]: Order validation failed: paymentMethod: Path `paymentMethod` is required.
2023-05-18T06:43:01.107Z [[31merror[39m]: Order validation failed: paymentMethod: `cashmoney` is not a valid enum value for path `paymentMethod`.
2023-05-18T06:57:20.883Z [[31merror[39m]: Order validation failed: payment.method: Path `payment.method` is required., payment.totalPrice: Path `payment.totalPrice` is required., user: Path `user` is required., payment.status: `pendingPayment` is not a valid enum value for path `payment.status`.
2023-05-18T06:57:43.180Z [[31merror[39m]: Order validation failed: payment.method: Path `payment.method` is required., payment.totalPrice: Path `payment.totalPrice` is required., user: Path `user` is required., payment.status: `pendingPayment` is not a valid enum value for path `payment.status`.
2023-05-18T06:58:04.220Z [[31merror[39m]: Unexpected token } in JSON at position 96
2023-05-18T06:58:05.139Z [[31merror[39m]: Unexpected token } in JSON at position 96
2023-05-18T06:58:06.553Z [[31merror[39m]: Order validation failed: payment.method: Path `payment.method` is required., payment.totalPrice: Path `payment.totalPrice` is required., user: Path `user` is required., payment.status: `pendingPayment` is not a valid enum value for path `payment.status`.
2023-05-18T06:58:28.350Z [[31merror[39m]: Order validation failed: payment.method: Path `payment.method` is required., payment.totalPrice: Path `payment.totalPrice` is required., payment.status: `pendingPayment` is not a valid enum value for path `payment.status`.
2023-05-18T06:58:42.146Z [[31merror[39m]: Order validation failed: payment.method: Path `payment.method` is required., payment.totalPrice: Path `payment.totalPrice` is required.
2023-05-18T06:58:58.269Z [[31merror[39m]: Order validation failed: payment.method: Path `payment.method` is required., payment.totalPrice: Path `payment.totalPrice` is required.
2023-05-18T06:58:58.682Z [[31merror[39m]: Order validation failed: payment.method: Path `payment.method` is required., payment.totalPrice: Path `payment.totalPrice` is required.
2023-05-18T06:58:59.769Z [[31merror[39m]: Order validation failed: payment.method: Path `payment.method` is required., payment.totalPrice: Path `payment.totalPrice` is required.
2023-05-18T07:01:48.304Z [[31merror[39m]: Order validation failed: payment.method: Path `payment.method` is required., payment.totalPrice: Path `payment.totalPrice` is required.
2023-05-18T07:02:02.308Z [[31merror[39m]: Order validation failed: payment.method: Path `payment.method` is required., payment.totalPrice: Path `payment.totalPrice` is required.
2023-05-18T07:02:05.315Z [[31merror[39m]: Order validation failed: payment.method: Path `payment.method` is required., payment.totalPrice: Path `payment.totalPrice` is required.
2023-05-18T07:10:47.710Z [[31merror[39m]: Order validation failed: payment.method: Path `payment.method` is required., payment.totalPrice: Path `payment.totalPrice` is required.
2023-05-18T07:20:30.647Z [[31merror[39m]: Unexpected number in JSON at position 152
2023-05-18T07:21:10.336Z [[31merror[39m]: Unexpected number in JSON at position 148
2023-05-18T07:28:28.912Z [[31merror[39m]: Image to composite must have same dimensions or smaller
2023-05-18T07:28:59.357Z [[31merror[39m]: Image to composite must have same dimensions or smaller
2023-05-18T07:29:09.623Z [[31merror[39m]: Image to composite must have same dimensions or smaller
2023-05-18T07:33:48.165Z [[31merror[39m]: E11000 duplicate key error collection: swDemoApp.users index: username_1 dup key: { username: "admin" }
2023-05-18T07:44:34.924Z [[31merror[39m]: Order validation failed: payment.method: Path `payment.method` is required., payment.amount: Path `payment.amount` is required.
2023-05-18T07:45:25.969Z [[31merror[39m]: Order validation failed: payment.method: Path `payment.method` is required.
2023-05-18T07:47:52.129Z [[31merror[39m]: Order validation failed: payment.method: Path `payment.method` is required.
2023-05-18T07:50:14.936Z [[31merror[39m]: Order validation failed: payment.method: `ceditCard` is not a valid enum value for path `payment.method`.
2023-05-18T07:50:25.994Z [[31merror[39m]: Order validation failed: payment.method: `ceditCard` is not a valid enum value for path `payment.method`.
2023-05-18T07:50:45.857Z [[31merror[39m]: Order validation failed: payment.method: `ceditCard` is not a valid enum value for path `payment.method`.
2023-05-18T07:51:27.091Z [[31merror[39m]: Order validation failed: payment.method: `ceditCard` is not a valid enum value for path `payment.method`.
2023-05-18T07:51:29.116Z [[31merror[39m]: Order validation failed: payment.method: `ceditCard` is not a valid enum value for path `payment.method`.
2023-05-18T07:51:30.163Z [[31merror[39m]: Order validation failed: payment.method: `ceditCard` is not a valid enum value for path `payment.method`.
2023-05-18T07:53:30.926Z [[31merror[39m]: Order validation failed: payment.method: `ceditCard` is not a valid enum value for path `payment.method`.
2023-05-18T07:53:35.241Z [[31merror[39m]: Order validation failed: payment.method: `ceditCard` is not a valid enum value for path `payment.method`.
2023-05-18T07:53:37.249Z [[31merror[39m]: Order validation failed: payment.method: `ceditCard` is not a valid enum value for path `payment.method`.
2023-05-18T07:53:53.108Z [[31merror[39m]: Order validation failed: payment.method: `ceditCard` is not a valid enum value for path `payment.method`.
2023-05-18T07:53:54.023Z [[31merror[39m]: Order validation failed: payment.method: `ceditCard` is not a valid enum value for path `payment.method`.
2023-05-18T07:53:54.833Z [[31merror[39m]: Order validation failed: payment.method: `ceditCard` is not a valid enum value for path `payment.method`.
2023-05-18T07:53:55.467Z [[31merror[39m]: Order validation failed: payment.method: `ceditCard` is not a valid enum value for path `payment.method`.
2023-05-18T07:53:56.080Z [[31merror[39m]: Order validation failed: payment.method: `ceditCard` is not a valid enum value for path `payment.method`.
2023-05-18T07:53:56.883Z [[31merror[39m]: Order validation failed: payment.method: `ceditCard` is not a valid enum value for path `payment.method`.
2023-05-18T07:54:21.873Z [[31merror[39m]: Order validation failed: payment.method: `ceditCard` is not a valid enum value for path `payment.method`.
2023-05-18T07:54:22.464Z [[31merror[39m]: Order validation failed: payment.method: `ceditCard` is not a valid enum value for path `payment.method`.
2023-05-18T07:54:22.805Z [[31merror[39m]: Order validation failed: payment.method: `ceditCard` is not a valid enum value for path `payment.method`.
2023-05-18T07:54:22.997Z [[31merror[39m]: Order validation failed: payment.method: `ceditCard` is not a valid enum value for path `payment.method`.
2023-05-18T07:54:23.720Z [[31merror[39m]: Order validation failed: payment.method: `ceditCard` is not a valid enum value for path `payment.method`.
2023-05-18T07:59:50.243Z [[31merror[39m]: Order validation failed: payment.method: `ceditCard` is not a valid enum value for path `payment.method`.
2023-05-18T08:00:04.038Z [[31merror[39m]: Order validation failed: payment.method: `test` is not a valid enum value for path `payment.method`.
2023-05-18T08:10:00.259Z [[31merror[39m]: Order validation failed: payment.method: `cryptoCurrency` is not a valid enum value for path `payment.method`.
2023-05-18T11:16:32.593Z [[31merror[39m]: Unexpected token } in JSON at position 106
2023-05-18T11:16:48.112Z [[31merror[39m]: Unexpected token } in JSON at position 106
2023-05-18T11:16:54.050Z [[31merror[39m]: userService.createUser is not a constructor
2023-05-18T11:19:03.355Z [[31merror[39m]: E11000 duplicate key error collection: swDemoApp.users index: username_1 dup key: { username: "tesstsasusername" }
2023-05-18T11:19:09.991Z [[31merror[39m]: E11000 duplicate key error collection: swDemoApp.users index: username_1 dup key: { username: "tesstsasusername" }
2023-05-18T11:19:52.917Z [[31merror[39m]: E11000 duplicate key error collection: swDemoApp.users index: username_1 dup key: { username: "qw" }
2023-05-18T11:19:57.141Z [[31merror[39m]: newUser.toAuthToken is not a function
2023-05-18T11:20:13.896Z [[31merror[39m]: E11000 duplicate key error collection: swDemoApp.users index: username_1 dup key: { username: "q2w" }
2023-05-18T11:20:54.570Z [[31merror[39m]: User validation failed: email: is invalid
2023-05-18T11:21:08.660Z [[31merror[39m]: E11000 duplicate key error collection: swDemoApp.users index: username_1 dup key: { username: "test" }
2023-05-18T11:21:10.346Z [[31merror[39m]: E11000 duplicate key error collection: swDemoApp.users index: username_1 dup key: { username: "test" }
2023-05-18T11:21:11.068Z [[31merror[39m]: E11000 duplicate key error collection: swDemoApp.users index: username_1 dup key: { username: "test" }
2023-05-18T11:21:11.497Z [[31merror[39m]: E11000 duplicate key error collection: swDemoApp.users index: username_1 dup key: { username: "test" }
2023-05-18T11:21:12.376Z [[31merror[39m]: E11000 duplicate key error collection: swDemoApp.users index: username_1 dup key: { username: "test" }
2023-05-18T11:21:12.990Z [[31merror[39m]: E11000 duplicate key error collection: swDemoApp.users index: username_1 dup key: { username: "test" }
2023-05-18T11:21:13.383Z [[31merror[39m]: E11000 duplicate key error collection: swDemoApp.users index: username_1 dup key: { username: "test" }
2023-05-18T11:22:50.870Z [[31merror[39m]: Cast to ObjectId failed for value "645bb05b8a0495205812de49b2" (type string) at path "_id" for model "User"
2023-05-18T11:22:54.180Z [[31merror[39m]: Cast to ObjectId failed for value "645bb05b8a0495205812de4124219b2" (type string) at path "_id" for model "User"
2023-05-18T11:23:00.787Z [[31merror[39m]: User not found
2023-05-18T11:38:08.841Z [[31merror[39m]: The "password" argument must be of type string or an instance of ArrayBuffer, Buffer, TypedArray, or DataView. Received an instance of model
2023-05-18T11:47:45.960Z [[31merror[39m]: Intentional unhandled exception
2023-05-18T11:47:47.392Z [[31merror[39m]: Intentional unhandled exception
2023-05-18T11:47:48.362Z [[31merror[39m]: Intentional unhandled exception
2023-05-18T11:47:49.277Z [[31merror[39m]: Intentional unhandled exception
2023-05-18T11:51:53.047Z [[31merror[39m]: Intentional unhandled exception
2023-05-18T11:52:29.527Z [[31merror[39m]: E11000 duplicate key error collection: swDemoApp.users index: username_1 dup key: { username: "test" }
2023-05-18T12:11:58.030Z [[31merror[39m]: User not found
2023-05-18T12:12:00.523Z [[31merror[39m]: User not found
2023-05-18T12:12:19.218Z [[31merror[39m]: User not found
2023-05-18T12:13:09.272Z [[31merror[39m]: User not found
2023-05-18T12:17:09.392Z [[31merror[39m]: Operation `users.findOne()` buffering timed out after 10000ms
2023-05-18T12:17:18.877Z [[31merror[39m]: Operation `users.findOne()` buffering timed out after 10000ms
2023-05-18T12:18:07.778Z [[31merror[39m]: Cast to ObjectId failed for value "645bb05b8a0249505812de49b" (type string) at path "_id" for model "User"
2023-05-18T12:18:10.681Z [[31merror[39m]: User not found
2023-05-18T12:18:48.760Z [[31merror[39m]: User not found
2023-05-18T12:18:49.883Z [[31merror[39m]: User not found
2023-05-18T12:18:50.456Z [[31merror[39m]: User not found
2023-05-18T12:18:51.782Z [[31merror[39m]: User not found
2023-05-18T12:18:52.174Z [[31merror[39m]: User not found
2023-05-18T12:18:52.619Z [[31merror[39m]: User not found
2023-05-18T12:18:52.996Z [[31merror[39m]: User not found
2023-05-18T12:18:54.593Z [[31merror[39m]: User not found
2023-05-18T12:19:55.044Z [[31merror[39m]: User not found
2023-05-18T12:19:56.017Z [[31merror[39m]: User not found
2023-05-18T12:20:53.054Z [[31merror[39m]: User not found
2023-05-18T12:20:54.105Z [[31merror[39m]: User not found
2023-05-18T12:20:55.010Z [[31merror[39m]: User not found
2023-05-18T12:21:22.081Z [[31merror[39m]: Cast to ObjectId failed for value "645bb05b8a04950581de49b" (type string) at path "_id" for model "User"
2023-05-18T12:21:26.920Z [[31merror[39m]: User not found
2023-05-18T12:21:28.074Z [[31merror[39m]: User not found
2023-05-18T12:22:07.178Z [[31merror[39m]: User not found
2023-05-18T12:22:08.522Z [[31merror[39m]: User not found
2023-05-18T12:31:14.622Z [[31merror[39m]: User not found
2023-05-18T12:31:16.020Z [[31merror[39m]: User not found
2023-05-18T12:39:20.924Z [[31merror[39m]: Cast to ObjectId failed for value "645bb05b8a049505812de4s9b" (type string) at path "_id" for model "User"
2023-05-18T12:44:44.907Z [[31merror[39m]: Cast to ObjectId failed for value "3" (type string) at path "_id" for model "User"
2023-05-18T12:44:50.541Z [[31merror[39m]: Cast to ObjectId failed for value "34" (type string) at path "_id" for model "User"
2023-05-18T12:44:51.284Z [[31merror[39m]: Cast to ObjectId failed for value "34" (type string) at path "_id" for model "User"
2023-05-18T12:44:52.118Z [[31merror[39m]: Cast to ObjectId failed for value "34" (type string) at path "_id" for model "User"
2023-05-18T13:13:41.370Z [[31merror[39m]: Cannot set headers after they are sent to the client
2023-05-18T13:13:42.432Z [[31merror[39m]: Cannot set headers after they are sent to the client
2023-05-18T13:13:53.678Z [[31merror[39m]: Cannot set headers after they are sent to the client
2023-05-18T13:14:05.523Z [[31merror[39m]: Cannot set headers after they are sent to the client
2023-05-18T13:17:35.265Z [[31merror[39m]: Invalid status code: undefined
2023-05-18T13:18:20.743Z [[31merror[39m]: Invalid status code: undefined
2023-05-18T13:18:32.736Z [[31merror[39m]: Invalid status code: undefined
2023-05-18T13:19:54.669Z [[31merror[39m]: User not found
2023-05-18T13:19:55.746Z [[31merror[39m]: User not found
2023-05-18T13:20:00.343Z [[31merror[39m]: User not found
2023-05-18T13:20:02.666Z [[31merror[39m]: Cast to ObjectId failed for value "645bb05b8a049505812de49b2" (type string) at path "_id" for model "User"
2023-05-18T13:23:24.186Z [[31merror[39m]: E11000 duplicate key error collection: swDemoApp.users index: username_1 dup key: { username: "q22w" }
2023-05-18T13:23:26.885Z [[31merror[39m]: E11000 duplicate key error collection: swDemoApp.users index: username_1 dup key: { username: "q22w" }
2023-05-18T13:23:30.253Z [[31merror[39m]: E11000 duplicate key error collection: swDemoApp.users index: username_1 dup key: { username: "q22w" }
2023-05-18T13:23:36.784Z [[31merror[39m]: E11000 duplicate key error collection: swDemoApp.users index: username_1 dup key: { username: "2q22w" }
2023-05-18T13:24:04.317Z [[31merror[39m]: E11000 duplicate key error collection: swDemoApp.users index: email_1 dup key: { email: "test@gmail.com" }
2023-05-18T13:24:12.345Z [[31merror[39m]: User not found
2023-05-18T13:24:14.749Z [[31merror[39m]: Cast to ObjectId failed for value "34" (type string) at path "_id" for model "User"
2023-05-18T13:25:01.913Z [[31merror[39m]: Cast to ObjectId failed for value "1" (type string) at path "_id" for model "User"
2023-05-18T13:30:08.650Z [[31merror[39m]: User not found
2023-05-18T13:53:29.433Z [[31merror[39m]: Order validation failed: payment.method: `creditCards` is not a valid enum value for path `payment.method`.
2023-05-18T13:53:36.858Z [[31merror[39m]: Cast to ObjectId failed for value "6464ae6c98fa0775ac41bs976" (type string) at path "_id" for model "Asset"
2023-05-18T14:04:47.690Z [[31merror[39m]: Missing or invalid token
2023-05-18T14:05:05.046Z [[31merror[39m]: E11000 duplicate key error collection: swDemoApp.users index: username_1 dup key: { username: "admin" }
2023-05-18T14:06:27.581Z [[31merror[39m]: Missing or invalid token
2023-05-18T14:09:00.779Z [[31merror[39m]: Missing or invalid token
2023-05-18T14:09:31.241Z [[31merror[39m]: Missing or invalid token
2023-05-18T14:12:18.928Z [[31merror[39m]: User validation failed: role: `adm` is not a valid enum value for path `role`.
2023-05-18T14:55:57.307Z [[31merror[39m]: Cannot destructure property 'mimetype' of 'req.file' as it is undefined.
2023-05-18T14:56:09.939Z [[31merror[39m]: Wrong file type?
2023-05-18T14:56:34.069Z [[31merror[39m]: Input file contains unsupported image format
2023-05-20T07:23:54.116Z [[31merror[39m]: Cast to ObjectId failed for value "1" (type string) at path "_id" for model "Asset"
2023-05-20T07:24:36.958Z [[31merror[39m]: Asset not found
2023-05-20T07:35:13.023Z [[31merror[39m]: Asset not found
2023-05-20T07:35:30.120Z [[31merror[39m]: Asset not found
2023-05-20T07:35:35.662Z [[31merror[39m]: Cast to ObjectId failed for value "1" (type string) at path "_id" for model "Asset"
2023-05-20T10:01:06.063Z [[31merror[39m]: HTTP request error: Request failed with status code 400
2023-05-20T10:01:08.776Z [[31merror[39m]: HTTP request error: Request failed with status code 400
2023-05-20T10:01:54.325Z [[31merror[39m]: HTTP request error: Request failed with status code 400
2023-05-20T10:02:03.844Z [[31merror[39m]: HTTP request error: Request failed with status code 400
2023-05-20T10:02:05.428Z [[31merror[39m]: HTTP request error: Request failed with status code 400
2023-05-20T10:03:18.997Z [[31merror[39m]: HTTP request error: Request failed with status code 400
2023-05-20T10:04:08.883Z [[31merror[39m]: HTTP request error: Request failed with status code 400
2023-05-20T10:06:05.829Z [[31merror[39m]: HTTP request error: Request failed with status code 400
2023-05-20T10:06:32.911Z [[31merror[39m]: Converting circular structure to JSON
    --> starting at object with constructor 'ClientRequest'
    |     property 'socket' -> object with constructor 'TLSSocket'
    --- property '_httpMessage' closes the circle
2023-05-20T10:19:30.603Z [[31merror[39m]: Order validation failed: amountToPay.0.currencies.TRY.amount: Cast to Number failed for value "NaN" (type number) at path "amount", amountToPay.0.currencies: Invalid currency
2023-05-20T10:19:59.551Z [[31merror[39m]: Order validation failed: amountToPay.0.currencies.TRY.amount: Cast to Number failed for value "NaN" (type number) at path "amount", amountToPay.0.currencies: Invalid currency
2023-05-20T10:20:09.569Z [[31merror[39m]: Order validation failed: amountToPay.0.currencies: Invalid currency
2023-05-20T10:20:31.666Z [[31merror[39m]: Order validation failed: amountToPay.0.currencies: Invalid currency
2023-05-20T10:21:03.291Z [[31merror[39m]: Order validation failed: amountToPay.0.currencies: Invalid currency
2023-05-20T10:21:21.371Z [[31merror[39m]: Order validation failed: amountToPay.0.currencies: Invalid currency
2023-05-20T10:21:36.842Z [[31merror[39m]: Order validation failed: amountToPay.0.currencies: Path `currencies` is required.
2023-05-20T10:22:01.418Z [[31merror[39m]: Order validation failed: amountToPay.0.currencies: Path `currencies` is required.
2023-05-20T10:22:18.883Z [[31merror[39m]: Order validation failed: amountToPay.0.currencies: Invalid currency
2023-05-20T10:43:36.121Z [[31merror[39m]: Order validation failed: amount.$*: Path `amount.$*` is required., amount: Invalid currency
2023-05-20T10:44:16.960Z [[31merror[39m]: Order validation failed: amount.$*: Path `amount.$*` is required., amount: Invalid currency
2023-05-20T10:44:32.742Z [[31merror[39m]: Order validation failed: amount.$*: Path `amount.$*` is required.
2023-05-20T10:45:25.138Z [[31merror[39m]: Order validation failed: amount.amount: Cast to Number failed for value "{ USD: 100, AVAX: 5.75, TRY: 750 }" (type Object) at path "amount.$*", amount.$*: Path `amount.$*` is required.
2023-05-20T10:50:35.250Z [[31merror[39m]: Order validation failed: amount.POLY: Path `amount.POLY` is required., amount.ETH: Path `amount.ETH` is required.
2023-05-20T10:55:53.099Z [[31merror[39m]: Order validation failed: amount.TRY: Cast to Number failed for value "NaN" (type number) at path "amount.TRY", amount.ETH: Cast to Number failed for value "NaN" (type number) at path "amount.ETH", amount.POLY: Cast to Number failed for value "NaN" (type number) at path "amount.POLY", amount.AVAX: Cast to Number failed for value "NaN" (type number) at path "amount.AVAX"
2023-05-20T10:56:24.228Z [[31merror[39m]: Order validation failed: amount.TRY: Cast to Number failed for value "NaN" (type number) at path "amount.TRY", amount.ETH: Cast to Number failed for value "NaN" (type number) at path "amount.ETH", amount.POLY: Cast to Number failed for value "NaN" (type number) at path "amount.POLY", amount.AVAX: Cast to Number failed for value "NaN" (type number) at path "amount.AVAX"
2023-05-20T10:56:26.091Z [[31merror[39m]: Order validation failed: amount.TRY: Cast to Number failed for value "NaN" (type number) at path "amount.TRY", amount.ETH: Cast to Number failed for value "NaN" (type number) at path "amount.ETH", amount.POLY: Cast to Number failed for value "NaN" (type number) at path "amount.POLY", amount.AVAX: Cast to Number failed for value "NaN" (type number) at path "amount.AVAX"
2023-05-20T10:56:41.825Z [[31merror[39m]: Order validation failed: amount.TRY: Cast to Number failed for value "NaN" (type number) at path "amount.TRY", amount.ETH: Cast to Number failed for value "NaN" (type number) at path "amount.ETH", amount.POLY: Cast to Number failed for value "NaN" (type number) at path "amount.POLY", amount.AVAX: Cast to Number failed for value "NaN" (type number) at path "amount.AVAX"
2023-05-20T10:56:49.485Z [[31merror[39m]: Order validation failed: amount.TRY: Cast to Number failed for value "NaN" (type number) at path "amount.TRY", amount.ETH: Cast to Number failed for value "NaN" (type number) at path "amount.ETH", amount.POLY: Cast to Number failed for value "NaN" (type number) at path "amount.POLY", amount.AVAX: Cast to Number failed for value "NaN" (type number) at path "amount.AVAX"
2023-05-20T11:00:31.346Z [[31merror[39m]: something about item currency or price is wrong not USD matbe? itemid: 6464ae6c98fa0775ac41b976
2023-05-20T12:17:56.706Z [[31merror[39m]: Cast to ObjectId failed for value "null" (type string) at path "_id" for model "Order"
2023-05-20T12:17:56.862Z [[31merror[39m]: Cast to ObjectId failed for value "null" (type string) at path "_id" for model "Order"
2023-05-20T12:18:26.820Z [[31merror[39m]: Cast to ObjectId failed for value "null" (type string) at path "_id" for model "Order"
2023-05-20T12:18:34.314Z [[31merror[39m]: Cast to ObjectId failed for value "null" (type string) at path "_id" for model "Order"
2023-05-20T12:18:34.413Z [[31merror[39m]: Cast to ObjectId failed for value "null" (type string) at path "_id" for model "Order"
2023-05-20T12:18:43.615Z [[31merror[39m]: Cast to ObjectId failed for value "null" (type string) at path "_id" for model "Order"
2023-05-20T12:18:43.695Z [[31merror[39m]: Cast to ObjectId failed for value "null" (type string) at path "_id" for model "Order"
2023-05-20T12:18:56.701Z [[31merror[39m]: Cast to ObjectId failed for value "null" (type string) at path "_id" for model "Order"
2023-05-20T12:19:02.787Z [[31merror[39m]: Cast to ObjectId failed for value "null" (type string) at path "_id" for model "Order"
2023-05-20T12:19:10.209Z [[31merror[39m]: Cast to ObjectId failed for value "null" (type string) at path "_id" for model "Order"
2023-05-20T12:19:10.281Z [[31merror[39m]: Cast to ObjectId failed for value "null" (type string) at path "_id" for model "Order"
2023-05-20T12:19:19.967Z [[31merror[39m]: Cast to ObjectId failed for value "null" (type string) at path "_id" for model "Order"
2023-05-20T12:19:35.292Z [[31merror[39m]: Cast to ObjectId failed for value "null" (type string) at path "_id" for model "Order"
2023-05-20T12:23:02.436Z [[31merror[39m]: Cast to ObjectId failed for value "6468ba74797cd9656b4e25608" (type string) at path "_id" for model "Order"
2023-05-20T12:23:02.506Z [[31merror[39m]: Cast to ObjectId failed for value "6468ba74797cd9656b4e25608" (type string) at path "_id" for model "Order"
2023-05-20T12:23:21.418Z [[31merror[39m]: Cast to ObjectId failed for value "6468ba74797cd9656b4e25608" (type string) at path "_id" for model "Order"
2023-05-20T12:23:21.489Z [[31merror[39m]: Cast to ObjectId failed for value "6468ba74797cd9656b4e25608" (type string) at path "_id" for model "Order"
2023-05-20T12:25:55.449Z [[31merror[39m]: Cast to ObjectId failed for value "6468ba74797cd9656b4e25608" (type string) at path "_id" for model "Order"
2023-05-20T12:25:55.558Z [[31merror[39m]: Cast to ObjectId failed for value "6468ba74797cd9656b4e25608" (type string) at path "_id" for model "Order"
2023-05-20T12:26:08.236Z [[31merror[39m]: Cast to ObjectId failed for value "6468ba74797cd9656b4e25608" (type string) at path "_id" for model "Order"
2023-05-20T12:26:09.039Z [[31merror[39m]: Cast to ObjectId failed for value "6468ba74797cd9656b4e25608" (type string) at path "_id" for model "Order"
2023-05-20T12:26:38.172Z [[31merror[39m]: Cast to ObjectId failed for value "6468ba74797cd9656b4e25608" (type string) at path "_id" for model "Order"
2023-05-20T12:26:38.244Z [[31merror[39m]: Cast to ObjectId failed for value "6468ba74797cd9656b4e25608" (type string) at path "_id" for model "Order"
2023-05-20T12:26:56.842Z [[31merror[39m]: Cast to ObjectId failed for value "6468ba74797cd9656b4e25608" (type string) at path "_id" for model "Order"
2023-05-22T07:41:45.458Z [[31merror[39m]: Order validation failed: amount.POLY: Path `amount.POLY` is required.
2023-05-22T07:41:45.551Z [[31merror[39m]: Cast to ObjectId failed for value "undefined" (type string) at path "_id" for model "Order"
2023-05-22T07:41:45.624Z [[31merror[39m]: Cast to ObjectId failed for value "undefined" (type string) at path "_id" for model "Order"
2023-05-22T10:53:38.665Z [[31merror[39m]: Transaction validation failed: orderId: Cast to ObjectId failed for value "orderıdhere" (type string) at path "orderId" because of "BSONError"
2023-05-22T10:56:02.855Z [[31merror[39m]: Transaction validation failed: data.chainId: Path `data.chainId` is required.
2023-05-22T10:58:42.330Z [[31merror[39m]: Transaction validation failed: currency: Path `currency` is required.
2023-05-22T10:58:51.045Z [[31merror[39m]: Unexpected string in JSON at position 130
2023-05-22T10:58:53.072Z [[31merror[39m]: Unexpected string in JSON at position 130
2023-05-22T11:10:09.461Z [[31merror[39m]: E11000 duplicate key error collection: swDemoApp1.transactions index: data.transactionHash_1 dup key: { data.transactionHash: "hashstringofthetransactioncrypto" }
2023-05-22T11:10:11.095Z [[31merror[39m]: E11000 duplicate key error collection: swDemoApp1.transactions index: data.transactionHash_1 dup key: { data.transactionHash: "hashstringofthetransactioncrypto" }
2023-05-22T11:10:11.794Z [[31merror[39m]: E11000 duplicate key error collection: swDemoApp1.transactions index: data.transactionHash_1 dup key: { data.transactionHash: "hashstringofthetransactioncrypto" }
2023-05-22T11:10:12.263Z [[31merror[39m]: E11000 duplicate key error collection: swDemoApp1.transactions index: data.transactionHash_1 dup key: { data.transactionHash: "hashstringofthetransactioncrypto" }
2023-05-22T11:10:12.723Z [[31merror[39m]: E11000 duplicate key error collection: swDemoApp1.transactions index: data.transactionHash_1 dup key: { data.transactionHash: "hashstringofthetransactioncrypto" }
2023-05-22T11:10:32.533Z [[31merror[39m]: E11000 duplicate key error collection: swDemoApp1.transactions index: data.transactionHash_1 dup key: { data.transactionHash: "0xf12b944f1d1e5bcec302b059be9914e12b3505035b9bdf6b03f2505a3bf9edd8" }
2023-05-22T11:11:54.188Z [[31merror[39m]: Order not found
2023-05-22T11:11:54.349Z [[31merror[39m]: Order not found
2023-05-22T11:12:05.733Z [[31merror[39m]: Order not found
2023-05-22T11:12:05.905Z [[31merror[39m]: Order not found
2023-05-22T11:12:07.650Z [[31merror[39m]: Asset not found
2023-05-22T11:12:07.734Z [[31merror[39m]: Asset not found
2023-05-22T12:03:04.986Z [[31merror[39m]: Returned error: invalid argument 0: json: cannot unmarshal hex string of odd length into Go value of type common.Hash
2023-05-22T12:03:14.786Z [[31merror[39m]: Returned error: invalid argument 0: json: cannot unmarshal hex string of odd length into Go value of type common.Hash
2023-05-22T12:03:30.999Z [[31merror[39m]: Returned error: invalid argument 0: hex string has length 40, want 64 for common.Hash
2023-05-22T12:03:42.394Z [[31merror[39m]: Cannot read properties of null (reading 'blockNumber')
2023-05-22T12:03:44.900Z [[31merror[39m]: Cannot read properties of null (reading 'blockNumber')
2023-05-22T12:03:45.627Z [[31merror[39m]: Cannot read properties of null (reading 'blockNumber')
2023-05-22T12:03:46.151Z [[31merror[39m]: Cannot read properties of null (reading 'blockNumber')
2023-05-22T12:03:48.705Z [[31merror[39m]: Cannot read properties of null (reading 'blockNumber')
2023-05-22T12:03:49.077Z [[31merror[39m]: Cannot read properties of null (reading 'blockNumber')
2023-05-22T12:03:49.607Z [[31merror[39m]: Cannot read properties of null (reading 'blockNumber')
2023-05-22T12:04:34.715Z [[31merror[39m]: Transaction not found
2023-05-22T12:05:25.120Z [[31merror[39m]: Transaction not found, txHash: 
2023-05-22T12:05:47.022Z [[31merror[39m]: Transaction not found, txHash: 0x166d2b7717b1f80b3cd5e458f03c1f9b515c56faccaeaf2917747bc0405f62e3
2023-05-22T12:06:14.741Z [[31merror[39m]: Returned error: invalid argument 0: json: cannot unmarshal hex string of odd length into Go value of type common.Hash
2023-05-22T12:06:16.544Z [[31merror[39m]: Returned error: invalid argument 0: json: cannot unmarshal hex string of odd length into Go value of type common.Hash
2023-05-22T12:07:43.872Z [[31merror[39m]: transactionService is not a function
2023-05-22T12:07:45.577Z [[31merror[39m]: transactionService is not a function
2023-05-22T12:33:41.234Z [[31merror[39m]: Please pass numbers as strings or BN objects to avoid precision errors.
2023-05-22T12:34:10.967Z [[31merror[39m]: The parameter "1241" must be a valid HEX string.
2023-05-22T12:48:19.915Z [[31merror[39m]: transactionService.validateTransaction is not a function
2023-05-22T12:51:41.826Z [[31merror[39m]: Unexpected end of JSON input
2023-05-22T13:07:39.015Z [[31merror[39m]: Invalid chainId
2023-05-22T13:07:42.014Z [[31merror[39m]: Invalid chainId
2023-05-22T13:07:43.768Z [[31merror[39m]: Invalid chainId
2023-05-22T13:07:44.486Z [[31merror[39m]: Invalid chainId
2023-05-22T13:07:44.888Z [[31merror[39m]: Invalid chainId
2023-05-22T13:09:31.673Z [[31merror[39m]: getGoerliTransactionDetails is not defined
2023-05-22T13:14:55.418Z [[31merror[39m]: Unexpected number in JSON at position 105
2023-05-22T13:15:00.220Z [[31merror[39m]: Unexpected token } in JSON at position 91
2023-05-22T13:15:21.940Z [[31merror[39m]: Unexpected string in JSON at position 93
2023-05-22T14:35:04.334Z [[31merror[39m]: Cannot read properties of null (reading 'ownedAssets')
2023-05-22T14:35:06.372Z [[31merror[39m]: Cannot read properties of null (reading 'ownedAssets')
2023-05-22T14:39:35.721Z [[31merror[39m]: Cannot read properties of null (reading 'ownedAssets')
2023-05-22T14:39:37.016Z [[31merror[39m]: Cannot read properties of null (reading 'ownedAssets')
2023-05-22T14:39:46.379Z [[31merror[39m]: Cannot read properties of null (reading 'ownedAssets')
2023-05-23T06:27:00.665Z [[31merror[39m]: Order validation failed: amount.AVAX: Path `amount.AVAX` (-0.3367003367003365) is less than minimum allowed value (0)., amount.MATIC: Path `amount.MATIC` (-5.647803004631199) is less than minimum allowed value (0)., amount.ETH: Path `amount.ETH` (-0.00268786134936) is less than minimum allowed value (0)., amount.TRY: Path `amount.TRY` (-99.21533322190581) is less than minimum allowed value (0)., amount.USD: Path `amount.USD` (-5) is less than minimum allowed value (0).
2023-05-23T06:27:00.790Z [[31merror[39m]: Cast to ObjectId failed for value "undefined" (type string) at path "_id" for model "Order"
2023-05-23T06:27:00.874Z [[31merror[39m]: Cast to ObjectId failed for value "undefined" (type string) at path "_id" for model "Order"
2023-05-23T07:06:18.836Z [[31merror[39m]: Cast to ObjectId failed for value "" (type string) at path "_id" for model "Order"
2023-05-23T07:07:04.570Z [[31merror[39m]: Cast to ObjectId failed for value "" (type string) at path "_id" for model "Order"
2023-05-23T07:09:23.049Z [[31merror[39m]: getGoerliTransactionByHash is not a function
2023-05-23T07:09:25.110Z [[31merror[39m]: getGoerliTransactionByHash is not a function
2023-05-23T07:27:37.614Z [[31merror[39m]: (USDExchangeRates.MATIC || null).toFixed is not a function
2023-05-23T07:27:37.715Z [[31merror[39m]: Cast to ObjectId failed for value "undefined" (type string) at path "_id" for model "Order"
2023-05-23T07:27:37.801Z [[31merror[39m]: Cast to ObjectId failed for value "undefined" (type string) at path "_id" for model "Order"
2023-05-23T09:03:27.809Z [[31merror[39m]: Error: [number-to-bn] while converting number "19.8531663333333227" to BN.js instance, error: invalid number value. Value must be an integer, hex string, BN or BigNumber instance. Note, decimals are not supported. Given value: "19.8531663333333227"
2023-05-23T09:03:27.924Z [[31merror[39m]: Cast to ObjectId failed for value "undefined" (type string) at path "_id" for model "Order"
2023-05-23T09:03:28.009Z [[31merror[39m]: Cast to ObjectId failed for value "undefined" (type string) at path "_id" for model "Order"
2023-05-23T09:03:42.072Z [[31merror[39m]: Error: [number-to-bn] while converting number "19.8531663333333227" to BN.js instance, error: invalid number value. Value must be an integer, hex string, BN or BigNumber instance. Note, decimals are not supported. Given value: "19.8531663333333227"
2023-05-23T09:03:42.178Z [[31merror[39m]: Cast to ObjectId failed for value "undefined" (type string) at path "_id" for model "Order"
2023-05-23T09:03:42.258Z [[31merror[39m]: Cast to ObjectId failed for value "undefined" (type string) at path "_id" for model "Order"
2023-05-23T09:59:11.634Z [[31merror[39m]: Error: [number-to-bn] while converting number "19.852896309113646" to BN.js instance, error: invalid number value. Value must be an integer, hex string, BN or BigNumber instance. Note, decimals are not supported. Given value: "19.852896309113646"
2023-05-23T09:59:11.723Z [[31merror[39m]: Cast to ObjectId failed for value "undefined" (type string) at path "_id" for model "Order"
2023-05-23T09:59:11.791Z [[31merror[39m]: Cast to ObjectId failed for value "undefined" (type string) at path "_id" for model "Order"
2023-05-23T10:26:47.767Z [[31merror[39m]: Returned error: invalid argument 0: json: cannot unmarshal hex string without 0x prefix into Go value of type common.Hash
2023-05-23T10:26:49.934Z [[31merror[39m]: Returned error: invalid argument 0: json: cannot unmarshal hex string without 0x prefix into Go value of type common.Hash
2023-05-23T10:27:18.323Z [[31merror[39m]: Returned error: invalid argument 0: json: cannot unmarshal hex string without 0x prefix into Go value of type common.Hash
2023-05-23T10:53:47.291Z [[31merror[39m]: Error: [number-to-bn] while converting number "0.0005389005351282" to BN.js instance, error: invalid number value. Value must be an integer, hex string, BN or BigNumber instance. Note, decimals are not supported. Given value: "0.0005389005351282"
2023-05-23T10:53:47.401Z [[31merror[39m]: Cast to ObjectId failed for value "undefined" (type string) at path "_id" for model "Order"
2023-05-23T10:53:47.483Z [[31merror[39m]: Cast to ObjectId failed for value "undefined" (type string) at path "_id" for model "Order"
2023-05-23T10:53:58.567Z [[31merror[39m]: Error: [number-to-bn] while converting number "0.0005389005351282" to BN.js instance, error: invalid number value. Value must be an integer, hex string, BN or BigNumber instance. Note, decimals are not supported. Given value: "0.0005389005351282"
2023-05-23T10:53:58.678Z [[31merror[39m]: Cast to ObjectId failed for value "undefined" (type string) at path "_id" for model "Order"
2023-05-23T10:53:58.756Z [[31merror[39m]: Cast to ObjectId failed for value "undefined" (type string) at path "_id" for model "Order"
2023-05-23T10:54:32.464Z [[31merror[39m]: Error: [number-to-bn] while converting number "0.0005389411961261" to BN.js instance, error: invalid number value. Value must be an integer, hex string, BN or BigNumber instance. Note, decimals are not supported. Given value: "0.0005389411961261"
2023-05-23T10:54:32.590Z [[31merror[39m]: Cast to ObjectId failed for value "undefined" (type string) at path "_id" for model "Order"
2023-05-23T10:54:32.673Z [[31merror[39m]: Cast to ObjectId failed for value "undefined" (type string) at path "_id" for model "Order"
2023-05-23T10:54:39.944Z [[31merror[39m]: Error: [number-to-bn] while converting number "0.0005389411961261" to BN.js instance, error: invalid number value. Value must be an integer, hex string, BN or BigNumber instance. Note, decimals are not supported. Given value: "0.0005389411961261"
2023-05-23T10:54:40.053Z [[31merror[39m]: Cast to ObjectId failed for value "undefined" (type string) at path "_id" for model "Order"
2023-05-23T10:54:40.134Z [[31merror[39m]: Cast to ObjectId failed for value "undefined" (type string) at path "_id" for model "Order"
2023-05-23T10:55:44.378Z [[31merror[39m]: Error: [number-to-bn] while converting number "0.0005388685915053" to BN.js instance, error: invalid number value. Value must be an integer, hex string, BN or BigNumber instance. Note, decimals are not supported. Given value: "0.0005388685915053"
2023-05-23T10:55:44.484Z [[31merror[39m]: Cast to ObjectId failed for value "undefined" (type string) at path "_id" for model "Order"
2023-05-23T10:55:44.666Z [[31merror[39m]: Cast to ObjectId failed for value "undefined" (type string) at path "_id" for model "Order"
2023-05-23T11:48:40.339Z [[31merror[39m]: cryptoAmountWei.string is not a function
2023-05-23T11:48:40.440Z [[31merror[39m]: Cast to ObjectId failed for value "undefined" (type string) at path "_id" for model "Order"
2023-05-23T11:48:40.506Z [[31merror[39m]: Cast to ObjectId failed for value "undefined" (type string) at path "_id" for model "Order"
2023-05-23T12:00:37.336Z [[31merror[39m]: Please pass numbers as strings or BN objects to avoid precision errors.
2023-05-23T12:00:37.450Z [[31merror[39m]: Cast to ObjectId failed for value "undefined" (type string) at path "_id" for model "Order"
2023-05-23T12:00:37.532Z [[31merror[39m]: Cast to ObjectId failed for value "undefined" (type string) at path "_id" for model "Order"
2023-05-23T12:00:47.828Z [[31merror[39m]: Please pass numbers as strings or BN objects to avoid precision errors.
2023-05-23T12:00:48.072Z [[31merror[39m]: Cast to ObjectId failed for value "undefined" (type string) at path "_id" for model "Order"
2023-05-23T12:00:48.322Z [[31merror[39m]: Cast to ObjectId failed for value "undefined" (type string) at path "_id" for model "Order"
2023-05-23T12:01:05.206Z [[31merror[39m]: Please pass numbers as strings or BN objects to avoid precision errors.
2023-05-23T12:01:05.315Z [[31merror[39m]: Cast to ObjectId failed for value "undefined" (type string) at path "_id" for model "Order"
2023-05-23T12:01:05.397Z [[31merror[39m]: Cast to ObjectId failed for value "undefined" (type string) at path "_id" for model "Order"
2023-05-23T12:01:25.575Z [[31merror[39m]: Please pass numbers as strings or BN objects to avoid precision errors.
2023-05-23T12:01:25.682Z [[31merror[39m]: Cast to ObjectId failed for value "undefined" (type string) at path "_id" for model "Order"
2023-05-23T12:01:25.768Z [[31merror[39m]: Cast to ObjectId failed for value "undefined" (type string) at path "_id" for model "Order"
2023-05-23T12:02:13.211Z [[31merror[39m]: Please pass numbers as strings or BN objects to avoid precision errors.
2023-05-23T12:02:13.328Z [[31merror[39m]: Cast to ObjectId failed for value "undefined" (type string) at path "_id" for model "Order"
2023-05-23T12:02:13.421Z [[31merror[39m]: Cast to ObjectId failed for value "undefined" (type string) at path "_id" for model "Order"
2023-05-23T12:11:33.751Z [[31merror[39m]: Please pass numbers as strings or BN objects to avoid precision errors.
2023-05-23T12:11:33.891Z [[31merror[39m]: Cast to ObjectId failed for value "undefined" (type string) at path "_id" for model "Order"
2023-05-23T12:11:34.037Z [[31merror[39m]: Cast to ObjectId failed for value "undefined" (type string) at path "_id" for model "Order"
2023-05-23T12:12:35.593Z [[31merror[39m]: num.isZero is not a function
2023-05-23T12:12:35.725Z [[31merror[39m]: Cast to ObjectId failed for value "undefined" (type string) at path "_id" for model "Order"
2023-05-23T12:12:35.809Z [[31merror[39m]: Cast to ObjectId failed for value "undefined" (type string) at path "_id" for model "Order"
2023-05-23T12:13:25.888Z [[31merror[39m]: Error: [number-to-bn] while converting number "0.000000000000000001" to BN.js instance, error: invalid number value. Value must be an integer, hex string, BN or BigNumber instance. Note, decimals are not supported. Given value: "0.000000000000000001"
2023-05-23T12:13:25.990Z [[31merror[39m]: Cast to ObjectId failed for value "undefined" (type string) at path "_id" for model "Order"
2023-05-23T12:13:26.058Z [[31merror[39m]: Cast to ObjectId failed for value "undefined" (type string) at path "_id" for model "Order"
2023-05-23T12:14:58.427Z [[31merror[39m]: Error: [number-to-bn] while converting number "0.000000000000000001" to BN.js instance, error: invalid number value. Value must be an integer, hex string, BN or BigNumber instance. Note, decimals are not supported. Given value: "0.000000000000000001"
2023-05-23T12:14:58.540Z [[31merror[39m]: Cast to ObjectId failed for value "undefined" (type string) at path "_id" for model "Order"
2023-05-23T12:14:58.626Z [[31merror[39m]: Cast to ObjectId failed for value "undefined" (type string) at path "_id" for model "Order"
2023-05-23T12:15:14.111Z [[31merror[39m]: Error: [number-to-bn] while converting number "0.000000000000000001" to BN.js instance, error: invalid number value. Value must be an integer, hex string, BN or BigNumber instance. Note, decimals are not supported. Given value: "0.000000000000000001"
2023-05-23T12:15:14.215Z [[31merror[39m]: Cast to ObjectId failed for value "undefined" (type string) at path "_id" for model "Order"
2023-05-23T12:15:14.285Z [[31merror[39m]: Cast to ObjectId failed for value "undefined" (type string) at path "_id" for model "Order"
2023-05-23T12:16:53.249Z [[31merror[39m]: Invalid array length
2023-05-23T12:16:53.377Z [[31merror[39m]: Cast to ObjectId failed for value "undefined" (type string) at path "_id" for model "Order"
2023-05-23T12:16:53.459Z [[31merror[39m]: Cast to ObjectId failed for value "undefined" (type string) at path "_id" for model "Order"
2023-05-23T12:29:47.414Z [[31merror[39m]: Error: [number-to-bn] while converting number 9.99 to BN.js instance, error: invalid number value. Value must be an integer, hex string, BN or BigNumber instance. Note, decimals are not supported. Given value: "9.99"
2023-05-23T12:29:47.518Z [[31merror[39m]: Cast to ObjectId failed for value "undefined" (type string) at path "_id" for model "Order"
2023-05-23T12:29:47.585Z [[31merror[39m]: Cast to ObjectId failed for value "undefined" (type string) at path "_id" for model "Order"
2023-05-23T12:33:10.205Z [[31merror[39m]: Please pass numbers as strings or BN objects to avoid precision errors.
2023-05-23T12:33:10.329Z [[31merror[39m]: Cast to ObjectId failed for value "undefined" (type string) at path "_id" for model "Order"
2023-05-23T12:33:10.400Z [[31merror[39m]: Cast to ObjectId failed for value "undefined" (type string) at path "_id" for model "Order"
2023-05-23T12:33:27.949Z [[31merror[39m]: Please pass numbers as strings or BN objects to avoid precision errors.
2023-05-23T12:33:28.062Z [[31merror[39m]: Cast to ObjectId failed for value "undefined" (type string) at path "_id" for model "Order"
2023-05-23T12:33:28.130Z [[31merror[39m]: Cast to ObjectId failed for value "undefined" (type string) at path "_id" for model "Order"
2023-05-23T12:33:43.067Z [[31merror[39m]: Please pass numbers as strings or BN objects to avoid precision errors.
2023-05-23T12:33:43.199Z [[31merror[39m]: Cast to ObjectId failed for value "undefined" (type string) at path "_id" for model "Order"
2023-05-23T12:33:43.273Z [[31merror[39m]: Cast to ObjectId failed for value "undefined" (type string) at path "_id" for model "Order"
2023-05-23T12:34:21.315Z [[31merror[39m]: num.isZero is not a function
2023-05-23T12:34:21.403Z [[31merror[39m]: Cast to ObjectId failed for value "undefined" (type string) at path "_id" for model "Order"
2023-05-23T12:34:21.470Z [[31merror[39m]: Cast to ObjectId failed for value "undefined" (type string) at path "_id" for model "Order"
2023-05-23T12:46:59.879Z [[31merror[39m]: Transaction not found, txHash: 0xb463df8efd99dad305204e975b0939c6743d7556a63a5c2bd9165ccd4a6ed14e
2023-05-23T12:47:02.761Z [[31merror[39m]: Transaction not found, txHash: 0xb463df8efd99dad305204e975b0939c6743d7556a63a5c2bd9165ccd4a6ed14e
2023-05-23T12:47:03.726Z [[31merror[39m]: Transaction not found, txHash: 0xb463df8efd99dad305204e975b0939c6743d7556a63a5c2bd9165ccd4a6ed14e
2023-05-23T12:47:04.550Z [[31merror[39m]: Transaction not found, txHash: 0xb463df8efd99dad305204e975b0939c6743d7556a63a5c2bd9165ccd4a6ed14e
2023-05-23T12:47:05.498Z [[31merror[39m]: Transaction not found, txHash: 0xb463df8efd99dad305204e975b0939c6743d7556a63a5c2bd9165ccd4a6ed14e
2023-05-23T12:47:06.347Z [[31merror[39m]: Transaction not found, txHash: 0xb463df8efd99dad305204e975b0939c6743d7556a63a5c2bd9165ccd4a6ed14e
2023-05-23T12:47:19.980Z [[31merror[39m]: Transaction not found, txHash: 0xb463df8efd99dad305204e975b0939c6743d7556a63a5c2bd9165ccd4a6ed14e
2023-05-23T12:47:33.447Z [[31merror[39m]: Transaction not found, txHash: 0xb463df8efd99dad305204e975b0939c6743d7556a63a5c2bd9165ccd4a6ed14e
2023-05-23T12:47:35.199Z [[31merror[39m]: Transaction not found, txHash: 0xb463df8efd99dad305204e975b0939c6743d7556a63a5c2bd9165ccd4a6ed14e
2023-05-23T12:47:36.040Z [[31merror[39m]: Transaction not found, txHash: 0xb463df8efd99dad305204e975b0939c6743d7556a63a5c2bd9165ccd4a6ed14e
2023-05-23T13:41:52.944Z [[31merror[39m]: Transaction not found
2023-05-23T13:42:04.861Z [[31merror[39m]: Transaction not found
2023-05-23T13:42:05.706Z [[31merror[39m]: Transaction not found
2023-05-23T13:42:06.224Z [[31merror[39m]: Transaction not found
2023-05-23T13:42:06.760Z [[31merror[39m]: Transaction not found
2023-05-23T13:42:07.656Z [[31merror[39m]: Transaction not found
2023-05-23T13:42:08.091Z [[31merror[39m]: Transaction not found
2023-05-23T13:42:08.593Z [[31merror[39m]: Transaction not found
2023-05-23T13:42:10.605Z [[31merror[39m]: Transaction not found
2023-05-23T13:42:20.742Z [[31merror[39m]: Transaction not found
2023-05-23T13:42:21.681Z [[31merror[39m]: Transaction not found
2023-05-23T13:42:22.189Z [[31merror[39m]: Transaction not found
2023-05-23T13:44:19.519Z [[31merror[39m]: Transaction not found
2023-05-23T14:17:23.372Z [[31merror[39m]: Transaction complete and confirmed successfully  for txHash: 0x0c414c01786bcfee9cd7e4c4c791be023803f1217480f1415d3113cc8c2a2520.
2023-05-23T14:51:42.179Z [[31merror[39m]: password is not defined
2023-05-23T14:52:00.352Z [[31merror[39m]: password is not defined
2023-05-23T14:53:49.933Z [[31merror[39m]: The "password" argument must be of type string or an instance of ArrayBuffer, Buffer, TypedArray, or DataView. Received undefined
2023-05-23T14:54:17.958Z [[31merror[39m]: The "password" argument must be of type string or an instance of ArrayBuffer, Buffer, TypedArray, or DataView. Received undefined
2023-05-23T14:54:22.637Z [[31merror[39m]: The "password" argument must be of type string or an instance of ArrayBuffer, Buffer, TypedArray, or DataView. Received undefined
2023-05-23T14:54:22.804Z [[31merror[39m]: The "password" argument must be of type string or an instance of ArrayBuffer, Buffer, TypedArray, or DataView. Received undefined
2023-05-23T14:55:02.651Z [[31merror[39m]: The "password" argument must be of type string or an instance of ArrayBuffer, Buffer, TypedArray, or DataView. Received undefined
2023-05-23T14:55:53.723Z [[31merror[39m]: The "password" argument must be of type string or an instance of ArrayBuffer, Buffer, TypedArray, or DataView. Received undefined
2023-05-23T14:56:15.363Z [[31merror[39m]: The "password" argument must be of type string or an instance of ArrayBuffer, Buffer, TypedArray, or DataView. Received undefined
2023-05-23T14:56:55.412Z [[31merror[39m]: The "password" argument must be of type string or an instance of ArrayBuffer, Buffer, TypedArray, or DataView. Received undefined
2023-05-23T14:56:58.182Z [[31merror[39m]: The "password" argument must be of type string or an instance of ArrayBuffer, Buffer, TypedArray, or DataView. Received undefined
2023-05-23T14:56:58.711Z [[31merror[39m]: The "password" argument must be of type string or an instance of ArrayBuffer, Buffer, TypedArray, or DataView. Received undefined
2023-05-23T14:56:59.143Z [[31merror[39m]: The "password" argument must be of type string or an instance of ArrayBuffer, Buffer, TypedArray, or DataView. Received undefined
2023-05-23T14:57:19.110Z [[31merror[39m]: The "password" argument must be of type string or an instance of ArrayBuffer, Buffer, TypedArray, or DataView. Received undefined
2023-05-23T14:57:22.776Z [[31merror[39m]: The "password" argument must be of type string or an instance of ArrayBuffer, Buffer, TypedArray, or DataView. Received undefined
2023-05-23T14:57:36.816Z [[31merror[39m]: The "password" argument must be of type string or an instance of ArrayBuffer, Buffer, TypedArray, or DataView. Received undefined
2023-05-23T14:57:40.123Z [[31merror[39m]: The "password" argument must be of type string or an instance of ArrayBuffer, Buffer, TypedArray, or DataView. Received undefined
2023-05-23T14:58:00.547Z [[31merror[39m]: username is not defined
2023-05-23T14:58:01.870Z [[31merror[39m]: username is not defined
2023-05-23T14:58:14.165Z [[31merror[39m]: userdata is not defined
2023-05-23T14:58:16.592Z [[31merror[39m]: userdata is not defined
2023-05-23T14:58:24.512Z [[31merror[39m]: The "password" argument must be of type string or an instance of ArrayBuffer, Buffer, TypedArray, or DataView. Received undefined
2023-05-23T14:58:26.483Z [[31merror[39m]: The "password" argument must be of type string or an instance of ArrayBuffer, Buffer, TypedArray, or DataView. Received undefined
2023-05-23T14:58:45.642Z [[31merror[39m]: The "password" argument must be of type string or an instance of ArrayBuffer, Buffer, TypedArray, or DataView. Received undefined
2023-05-23T14:58:58.355Z [[31merror[39m]: The "password" argument must be of type string or an instance of ArrayBuffer, Buffer, TypedArray, or DataView. Received undefined
2023-05-23T14:59:30.477Z [[31merror[39m]: authService.createUser is not a function
2023-05-23T14:59:38.191Z [[31merror[39m]: newUser.toAuthJson is not a function
2023-05-23T15:00:47.729Z [[31merror[39m]: E11000 duplicate key error collection: swDemoAppNew.users index: username_1 dup key: { username: "tes" }
2023-05-23T15:00:52.104Z [[31merror[39m]: newUser.toAuthJson is not a function
2023-05-23T15:06:52.619Z [[31merror[39m]: User validation failed: username: is invalid, email: is invalid
2023-05-23T15:07:00.032Z [[31merror[39m]: User validation failed: username: is invalid, email: is invalid
2023-05-23T15:07:19.130Z [[31merror[39m]: User validation failed: username: is invalid, email: is invalid
2023-05-23T15:07:35.995Z [[31merror[39m]: User validation failed: username: is invalid, email: is invalid
2023-05-23T15:07:44.929Z [[31merror[39m]: User validation failed: username: is invalid, email: is invalid
2023-05-23T15:08:08.693Z [[31merror[39m]: User validation failed: username: is invalid, email: is invalid
2023-05-23T15:08:37.150Z [[31merror[39m]: User validation failed: username: is invalid, email: is invalid
2023-05-23T15:10:25.259Z [[31merror[39m]: User validation failed: username: is invalid, email: is invalid
2023-05-23T15:14:32.124Z [[31merror[39m]: role is not defined
2023-05-23T15:15:06.324Z [[31merror[39m]: role is not defined
2023-05-23T15:15:07.805Z [[31merror[39m]: role is not defined
2023-05-23T15:15:08.321Z [[31merror[39m]: role is not defined
2023-05-23T15:15:08.503Z [[31merror[39m]: role is not defined
2023-05-23T15:15:08.669Z [[31merror[39m]: role is not defined
2023-05-23T15:15:08.828Z [[31merror[39m]: role is not defined
2023-05-23T15:15:09.009Z [[31merror[39m]: role is not defined
2023-05-23T15:15:09.185Z [[31merror[39m]: role is not defined
2023-05-23T15:15:09.366Z [[31merror[39m]: role is not defined
2023-05-23T15:15:09.516Z [[31merror[39m]: role is not defined
2023-05-23T15:15:09.683Z [[31merror[39m]: role is not defined
2023-05-23T15:15:09.850Z [[31merror[39m]: role is not defined
2023-05-23T15:15:22.061Z [[31merror[39m]: role is not defined
2023-05-24T07:14:49.547Z [[31merror[39m]: Asset already exists in user's ownedAssets
2023-05-24T07:15:51.088Z [[31merror[39m]: Asset already exists in user's ownedAssets, orderId: 646db583aa823f208b0c24fc, itemId: 646daabaebc96b3b6383d473
2023-05-24T07:16:35.438Z [[31merror[39m]: Asset already exists in user's ownedAssets, orderId: 646db583aa823f208b0c24fc, itemId: 646daabaebc96b3b6383d473
2023-05-24T07:17:30.145Z [[31merror[39m]: Blockchain transaction validation successfully complete for txHash: 0xd1a9c25065644d0d3aa4f3b945ceff7a0ce54ebc964c8a1e2e3ae87cc4c5a326
2023-05-24T07:17:30.292Z [[31merror[39m]: Asset already exists in user's ownedAssets, orderId: 646db583aa823f208b0c24fc, itemId: 646daabaebc96b3b6383d473
2023-05-24T07:17:54.786Z [[31merror[39m]: Asset already exists in user's ownedAssets, orderId: 646db583aa823f208b0c24fc, itemId: 646daabaebc96b3b6383d473
2023-05-24T07:18:13.300Z [[31merror[39m]: Asset already exists in user's ownedAssets, orderId: 646db583aa823f208b0c24fc, itemId: 646daabaebc96b3b6383d473
2023-05-24T07:18:16.462Z [[31merror[39m]: Asset already exists in user's ownedAssets, orderId: 646db583aa823f208b0c24fc, itemId: 646daabaebc96b3b6383d473
2023-05-24T07:18:18.313Z [[31merror[39m]: Asset already exists in user's ownedAssets, orderId: 646db583aa823f208b0c24fc, itemId: 646daabaebc96b3b6383d473
2023-05-24T07:18:21.548Z [[31merror[39m]: Asset already exists in user's ownedAssets, orderId: 646db583aa823f208b0c24fc, itemId: 646daabaebc96b3b6383d473
2023-05-24T07:19:37.584Z [[31merror[39m]: Asset already exists in user's ownedAssets, orderId: 646db583aa823f208b0c24fc, itemId: 646daabaebc96b3b6383d473
2023-05-24T07:23:22.242Z [[31merror[39m]: Asset already exists in user's ownedAssets
2023-05-24T07:23:22.346Z [[31merror[39m]: Cast to ObjectId failed for value "undefined" (type string) at path "_id" for model "Order"
2023-05-24T07:23:22.436Z [[31merror[39m]: Cast to ObjectId failed for value "undefined" (type string) at path "_id" for model "Order"
2023-05-24T07:28:36.535Z [[31merror[39m]: Asset already exists in user's ownedAssets
2023-05-24T07:28:36.641Z [[31merror[39m]: Cast to ObjectId failed for value "undefined" (type string) at path "_id" for model "Order"
2023-05-24T07:28:36.726Z [[31merror[39m]: Cast to ObjectId failed for value "undefined" (type string) at path "_id" for model "Order"
2023-05-24T07:30:37.317Z [[31merror[39m]: Blockchain transaction failed for txHash: 0xb6f3e3061613be7ec1c6b4f2820d134214b7f8a2ef464870901e6389863e0f0c
2023-05-24T07:32:41.602Z [[31merror[39m]: Asset already exists in user's ownedAssets, orderId: 646db583aa823f208b0c24fc, itemId: 646daabaebc96b3b6383d473
2023-05-24T07:42:45.564Z [[31merror[39m]: Transaction validation failed: method: `cryptocurrency` is not a valid enum value for path `method`.
2023-05-24T07:43:06.389Z [[31merror[39m]: Unexpected string in JSON at position 270
2023-05-24T07:43:14.673Z [[31merror[39m]: E11000 duplicate key error collection: swDemoAppNew.transactions index: data.transactionHash_1 dup key: { data.transactionHash: "hashstringofthetransactioncrypto" }
2023-05-24T07:45:59.297Z [[31merror[39m]: Asset already exists in user's ownedAssets
2023-05-24T07:45:59.392Z [[31merror[39m]: Cast to ObjectId failed for value "undefined" (type string) at path "_id" for model "Order"
2023-05-24T07:45:59.473Z [[31merror[39m]: Cast to ObjectId failed for value "undefined" (type string) at path "_id" for model "Order"
2023-05-24T07:46:16.977Z [[31merror[39m]: Asset already exists in user's ownedAssets
2023-05-24T07:46:17.063Z [[31merror[39m]: Cast to ObjectId failed for value "undefined" (type string) at path "_id" for model "Order"
2023-05-24T07:46:17.137Z [[31merror[39m]: Cast to ObjectId failed for value "undefined" (type string) at path "_id" for model "Order"
2023-05-24T07:55:50.217Z [[31merror[39m]: Transaction validation failed: currency: Path `currency` is required., amount: Path `amount` is required.
2023-05-24T07:57:37.065Z [[31merror[39m]: Unexpected token } in JSON at position 291
2023-05-24T07:57:40.443Z [[31merror[39m]: Transaction validation failed: status: `complete` is not a valid enum value for path `status`.
2023-05-24T07:57:54.185Z [[31merror[39m]: Transaction validation failed: status: `success` is not a valid enum value for path `status`.
2023-05-24T07:58:04.965Z [[31merror[39m]: E11000 duplicate key error collection: swDemoAppNew.transactions index: data.transactionHash_1 dup key: { data.transactionHash: "ha1shstsringofthetransactioncrypto" }
2023-05-24T07:59:38.461Z [[31merror[39m]: Parameter "obj" to Document() must be an object, got 6465c8fdd257b38086fa6c49
2023-05-24T08:00:03.123Z [[31merror[39m]: Parameter "obj" to Document() must be an object, got 6465c8fdd257b38086fa6c49
2023-05-24T08:00:10.507Z [[31merror[39m]: Parameter "obj" to Document() must be an object, got 6465c8fdd257b38086fa6c41
2023-05-24T08:00:14.994Z [[31merror[39m]: Unexpected token } in JSON at position 291
2023-05-24T08:00:17.315Z [[31merror[39m]: Parameter "obj" to Document() must be an object, got 6465c8fdd257b38086fa6c49
2023-05-24T08:01:13.144Z [[31merror[39m]: Parameter "obj" to Document() must be an object, got 6465c8fdd257b38086fa6c49
2023-05-24T08:01:54.406Z [[31merror[39m]: E11000 duplicate key error collection: swDemoAppNew.transactions index: data.transactionHash_1 dup key: { data.transactionHash: "ha1shstsringofthetransactioncrypto" }
